12-10-2020 13:26:43 [14840] [LOG] : [1,2,Music,4,TI,Music,7,8,Music,TI,11,Music,13,14,Musical,16,17,Music,19,TI,Music,22,23,Music,TI,26,Music,28,29,Musical,31,32,Music,34,TI,Music,37,38,Music,TI,41,Music,43,44,Musical,46,47,Music,49,TI,Music,52,53,Music,TI,56,Music,58,59,Musical,61,62,Music,64,TI,Music,67,68,Music,TI,71,Music,73,74,Musical,76,77,Music,79,TI,Music,82,83,Music,TI,86,Music,88,89,Musical,91,92,Music,94,TI,Music,97,98,Music,TI]
12-10-2020 13:26:56 [15112] [LOG] : [1,2,Music,4,TI,Music,7,8,Music,TI,11,Music,13,14,Musical,16,17,Music,19,TI,Music,22,23,Music,TI,26,Music,28,29,Musical,31,32,Music,34,TI,Music,37,38,Music,TI,41,Music,43,44,Musical,46,47,Music,49,TI,Music,52,53,Music,TI,56,Music,58,59,Musical,61,62,Music,64,TI,Music,67,68,Music,TI,71,Music,73,74,Musical,76,77,Music,79,TI,Music,82,83,Music,TI,86,Music,88,89,Musical,91,92,Music,94,TI,Music,97,98,Music,TI]
12-10-2020 13:27:35 [1428] [LOG] : 1
12-10-2020 13:27:35 [1428] [LOG] : 2
12-10-2020 13:27:35 [1428] [LOG] : Music
12-10-2020 13:27:35 [1428] [LOG] : 4
12-10-2020 13:27:35 [1428] [LOG] : TI
12-10-2020 13:27:35 [1428] [LOG] : Music
12-10-2020 13:27:35 [1428] [LOG] : 7
12-10-2020 13:27:35 [1428] [LOG] : 8
12-10-2020 13:27:35 [1428] [LOG] : Music
12-10-2020 13:27:35 [1428] [LOG] : TI
12-10-2020 13:27:35 [1428] [LOG] : 11
12-10-2020 13:27:35 [1428] [LOG] : Music
12-10-2020 13:27:35 [1428] [LOG] : 13
12-10-2020 13:27:35 [1428] [LOG] : 14
12-10-2020 13:27:35 [1428] [LOG] : Musical
12-10-2020 13:27:35 [1428] [LOG] : 16
12-10-2020 13:27:35 [1428] [LOG] : 17
12-10-2020 13:27:35 [1428] [LOG] : Music
12-10-2020 13:27:35 [1428] [LOG] : 19
12-10-2020 13:27:35 [1428] [LOG] : TI
12-10-2020 13:27:35 [1428] [LOG] : Music
12-10-2020 13:27:35 [1428] [LOG] : 22
12-10-2020 13:27:35 [1428] [LOG] : 23
12-10-2020 13:27:35 [1428] [LOG] : Music
12-10-2020 13:27:35 [1428] [LOG] : TI
12-10-2020 13:27:35 [1428] [LOG] : 26
12-10-2020 13:27:35 [1428] [LOG] : Music
12-10-2020 13:27:35 [1428] [LOG] : 28
12-10-2020 13:27:35 [1428] [LOG] : 29
12-10-2020 13:27:35 [1428] [LOG] : Musical
12-10-2020 13:27:35 [1428] [LOG] : 31
12-10-2020 13:27:35 [1428] [LOG] : 32
12-10-2020 13:27:35 [1428] [LOG] : Music
12-10-2020 13:27:35 [1428] [LOG] : 34
12-10-2020 13:27:35 [1428] [LOG] : TI
12-10-2020 13:27:35 [1428] [LOG] : Music
12-10-2020 13:27:35 [1428] [LOG] : 37
12-10-2020 13:27:35 [1428] [LOG] : 38
12-10-2020 13:27:35 [1428] [LOG] : Music
12-10-2020 13:27:35 [1428] [LOG] : TI
12-10-2020 13:27:35 [1428] [LOG] : 41
12-10-2020 13:27:35 [1428] [LOG] : Music
12-10-2020 13:27:35 [1428] [LOG] : 43
12-10-2020 13:27:35 [1428] [LOG] : 44
12-10-2020 13:27:35 [1428] [LOG] : Musical
12-10-2020 13:27:35 [1428] [LOG] : 46
12-10-2020 13:27:35 [1428] [LOG] : 47
12-10-2020 13:27:35 [1428] [LOG] : Music
12-10-2020 13:27:35 [1428] [LOG] : 49
12-10-2020 13:27:35 [1428] [LOG] : TI
12-10-2020 13:27:35 [1428] [LOG] : Music
12-10-2020 13:27:35 [1428] [LOG] : 52
12-10-2020 13:27:35 [1428] [LOG] : 53
12-10-2020 13:27:35 [1428] [LOG] : Music
12-10-2020 13:27:35 [1428] [LOG] : TI
12-10-2020 13:27:35 [1428] [LOG] : 56
12-10-2020 13:27:35 [1428] [LOG] : Music
12-10-2020 13:27:35 [1428] [LOG] : 58
12-10-2020 13:27:35 [1428] [LOG] : 59
12-10-2020 13:27:35 [1428] [LOG] : Musical
12-10-2020 13:27:35 [1428] [LOG] : 61
12-10-2020 13:27:35 [1428] [LOG] : 62
12-10-2020 13:27:35 [1428] [LOG] : Music
12-10-2020 13:27:35 [1428] [LOG] : 64
12-10-2020 13:27:35 [1428] [LOG] : TI
12-10-2020 13:27:35 [1428] [LOG] : Music
12-10-2020 13:27:35 [1428] [LOG] : 67
12-10-2020 13:27:35 [1428] [LOG] : 68
12-10-2020 13:27:35 [1428] [LOG] : Music
12-10-2020 13:27:35 [1428] [LOG] : TI
12-10-2020 13:27:35 [1428] [LOG] : 71
12-10-2020 13:27:35 [1428] [LOG] : Music
12-10-2020 13:27:35 [1428] [LOG] : 73
12-10-2020 13:27:35 [1428] [LOG] : 74
12-10-2020 13:27:35 [1428] [LOG] : Musical
12-10-2020 13:27:35 [1428] [LOG] : 76
12-10-2020 13:27:35 [1428] [LOG] : 77
12-10-2020 13:27:35 [1428] [LOG] : Music
12-10-2020 13:27:35 [1428] [LOG] : 79
12-10-2020 13:27:35 [1428] [LOG] : TI
12-10-2020 13:27:35 [1428] [LOG] : Music
12-10-2020 13:27:35 [1428] [LOG] : 82
12-10-2020 13:27:35 [1428] [LOG] : 83
12-10-2020 13:27:35 [1428] [LOG] : Music
12-10-2020 13:27:35 [1428] [LOG] : TI
12-10-2020 13:27:35 [1428] [LOG] : 86
12-10-2020 13:27:35 [1428] [LOG] : Music
12-10-2020 13:27:35 [1428] [LOG] : 88
12-10-2020 13:27:35 [1428] [LOG] : 89
12-10-2020 13:27:35 [1428] [LOG] : Musical
12-10-2020 13:27:35 [1428] [LOG] : 91
12-10-2020 13:27:35 [1428] [LOG] : 92
12-10-2020 13:27:35 [1428] [LOG] : Music
12-10-2020 13:27:35 [1428] [LOG] : 94
12-10-2020 13:27:35 [1428] [LOG] : TI
12-10-2020 13:27:35 [1428] [LOG] : Music
12-10-2020 13:27:35 [1428] [LOG] : 97
12-10-2020 13:27:35 [1428] [LOG] : 98
12-10-2020 13:27:35 [1428] [LOG] : Music
12-10-2020 13:27:35 [1428] [LOG] : TI
12-10-2020 13:27:55 [15184] [LOG] : 1
12-10-2020 13:27:55 [15184] [LOG] : 2
12-10-2020 13:27:55 [15184] [LOG] : Music
12-10-2020 13:27:55 [15184] [LOG] : 4
12-10-2020 13:27:55 [15184] [LOG] : TI
12-10-2020 13:27:55 [15184] [LOG] : Music
12-10-2020 13:27:55 [15184] [LOG] : 7
12-10-2020 13:27:55 [15184] [LOG] : 8
12-10-2020 13:27:55 [15184] [LOG] : Music
12-10-2020 13:27:55 [15184] [LOG] : TI
12-10-2020 13:27:55 [15184] [LOG] : 11
12-10-2020 13:27:55 [15184] [LOG] : Music
12-10-2020 13:27:55 [15184] [LOG] : 13
12-10-2020 13:27:55 [15184] [LOG] : 14
12-10-2020 13:27:55 [15184] [LOG] : Musical
12-10-2020 13:27:55 [15184] [LOG] : 16
12-10-2020 13:27:55 [15184] [LOG] : 17
12-10-2020 13:27:55 [15184] [LOG] : Music
12-10-2020 13:27:55 [15184] [LOG] : 19
12-10-2020 13:27:55 [15184] [LOG] : TI
12-10-2020 13:27:55 [15184] [LOG] : Music
12-10-2020 13:27:55 [15184] [LOG] : 22
12-10-2020 13:27:55 [15184] [LOG] : 23
12-10-2020 13:27:55 [15184] [LOG] : Music
12-10-2020 13:27:55 [15184] [LOG] : TI
12-10-2020 13:27:55 [15184] [LOG] : 26
12-10-2020 13:27:55 [15184] [LOG] : Music
12-10-2020 13:27:55 [15184] [LOG] : 28
12-10-2020 13:27:55 [15184] [LOG] : 29
12-10-2020 13:27:55 [15184] [LOG] : Musical
12-10-2020 13:27:55 [15184] [LOG] : 31
12-10-2020 13:27:55 [15184] [LOG] : 32
12-10-2020 13:27:55 [15184] [LOG] : Music
12-10-2020 13:27:55 [15184] [LOG] : 34
12-10-2020 13:27:55 [15184] [LOG] : TI
12-10-2020 13:27:55 [15184] [LOG] : Music
12-10-2020 13:27:55 [15184] [LOG] : 37
12-10-2020 13:27:55 [15184] [LOG] : 38
12-10-2020 13:27:55 [15184] [LOG] : Music
12-10-2020 13:27:55 [15184] [LOG] : TI
12-10-2020 13:27:55 [15184] [LOG] : 41
12-10-2020 13:27:55 [15184] [LOG] : Music
12-10-2020 13:27:55 [15184] [LOG] : 43
12-10-2020 13:27:55 [15184] [LOG] : 44
12-10-2020 13:27:55 [15184] [LOG] : Musical
12-10-2020 13:27:55 [15184] [LOG] : 46
12-10-2020 13:27:55 [15184] [LOG] : 47
12-10-2020 13:27:55 [15184] [LOG] : Music
12-10-2020 13:27:55 [15184] [LOG] : 49
12-10-2020 13:27:55 [15184] [LOG] : TI
12-10-2020 13:27:55 [15184] [LOG] : Music
12-10-2020 13:27:55 [15184] [LOG] : 52
12-10-2020 13:27:55 [15184] [LOG] : 53
12-10-2020 13:27:55 [15184] [LOG] : Music
12-10-2020 13:27:55 [15184] [LOG] : TI
12-10-2020 13:27:55 [15184] [LOG] : 56
12-10-2020 13:27:55 [15184] [LOG] : Music
12-10-2020 13:27:55 [15184] [LOG] : 58
12-10-2020 13:27:55 [15184] [LOG] : 59
12-10-2020 13:27:55 [15184] [LOG] : Musical
12-10-2020 13:27:55 [15184] [LOG] : 61
12-10-2020 13:27:55 [15184] [LOG] : 62
12-10-2020 13:27:55 [15184] [LOG] : Music
12-10-2020 13:27:55 [15184] [LOG] : 64
12-10-2020 13:27:55 [15184] [LOG] : TI
12-10-2020 13:27:55 [15184] [LOG] : Music
12-10-2020 13:27:55 [15184] [LOG] : 67
12-10-2020 13:27:55 [15184] [LOG] : 68
12-10-2020 13:27:55 [15184] [LOG] : Music
12-10-2020 13:27:55 [15184] [LOG] : TI
12-10-2020 13:27:55 [15184] [LOG] : 71
12-10-2020 13:27:55 [15184] [LOG] : Music
12-10-2020 13:27:55 [15184] [LOG] : 73
12-10-2020 13:27:55 [15184] [LOG] : 74
12-10-2020 13:27:55 [15184] [LOG] : Musical
12-10-2020 13:27:55 [15184] [LOG] : 76
12-10-2020 13:27:55 [15184] [LOG] : 77
12-10-2020 13:27:55 [15184] [LOG] : Music
12-10-2020 13:27:55 [15184] [LOG] : 79
12-10-2020 13:27:55 [15184] [LOG] : TI
12-10-2020 13:27:55 [15184] [LOG] : Music
12-10-2020 13:27:55 [15184] [LOG] : 82
12-10-2020 13:27:55 [15184] [LOG] : 83
12-10-2020 13:27:55 [15184] [LOG] : Music
12-10-2020 13:27:55 [15184] [LOG] : TI
12-10-2020 13:27:55 [15184] [LOG] : 86
12-10-2020 13:27:55 [15184] [LOG] : Music
12-10-2020 13:27:55 [15184] [LOG] : 88
12-10-2020 13:27:55 [15184] [LOG] : 89
12-10-2020 13:27:55 [15184] [LOG] : Musical
12-10-2020 13:27:55 [15184] [LOG] : 91
12-10-2020 13:27:55 [15184] [LOG] : 92
12-10-2020 13:27:55 [15184] [LOG] : Music
12-10-2020 13:27:55 [15184] [LOG] : 94
12-10-2020 13:27:55 [15184] [LOG] : TI
12-10-2020 13:27:55 [15184] [LOG] : Music
12-10-2020 13:27:55 [15184] [LOG] : 97
12-10-2020 13:27:55 [15184] [LOG] : 98
12-10-2020 13:27:55 [15184] [LOG] : Music
12-10-2020 13:27:55 [15184] [LOG] : TI
12-10-2020 13:27:58 [6904] [LOG] : 1
12-10-2020 13:27:58 [6904] [LOG] : 2
12-10-2020 13:27:58 [6904] [LOG] : Music
12-10-2020 13:27:58 [6904] [LOG] : 4
12-10-2020 13:27:58 [6904] [LOG] : TI
12-10-2020 13:27:58 [6904] [LOG] : Music
12-10-2020 13:27:58 [6904] [LOG] : 7
12-10-2020 13:27:58 [6904] [LOG] : 8
12-10-2020 13:27:58 [6904] [LOG] : Music
12-10-2020 13:27:58 [6904] [LOG] : TI
12-10-2020 13:27:58 [6904] [LOG] : 11
12-10-2020 13:27:58 [6904] [LOG] : Music
12-10-2020 13:27:58 [6904] [LOG] : 13
12-10-2020 13:27:58 [6904] [LOG] : 14
12-10-2020 13:27:58 [6904] [LOG] : Musical
12-10-2020 13:27:58 [6904] [LOG] : 16
12-10-2020 13:27:58 [6904] [LOG] : 17
12-10-2020 13:27:58 [6904] [LOG] : Music
12-10-2020 13:27:58 [6904] [LOG] : 19
12-10-2020 13:27:58 [6904] [LOG] : TI
12-10-2020 13:27:58 [6904] [LOG] : Music
12-10-2020 13:27:58 [6904] [LOG] : 22
12-10-2020 13:27:58 [6904] [LOG] : 23
12-10-2020 13:27:58 [6904] [LOG] : Music
12-10-2020 13:27:58 [6904] [LOG] : TI
12-10-2020 13:27:58 [6904] [LOG] : 26
12-10-2020 13:27:58 [6904] [LOG] : Music
12-10-2020 13:27:58 [6904] [LOG] : 28
12-10-2020 13:27:58 [6904] [LOG] : 29
12-10-2020 13:27:58 [6904] [LOG] : Musical
12-10-2020 13:27:58 [6904] [LOG] : 31
12-10-2020 13:27:58 [6904] [LOG] : 32
12-10-2020 13:27:58 [6904] [LOG] : Music
12-10-2020 13:27:58 [6904] [LOG] : 34
12-10-2020 13:27:58 [6904] [LOG] : TI
12-10-2020 13:27:58 [6904] [LOG] : Music
12-10-2020 13:27:58 [6904] [LOG] : 37
12-10-2020 13:27:58 [6904] [LOG] : 38
12-10-2020 13:27:58 [6904] [LOG] : Music
12-10-2020 13:27:58 [6904] [LOG] : TI
12-10-2020 13:27:58 [6904] [LOG] : 41
12-10-2020 13:27:58 [6904] [LOG] : Music
12-10-2020 13:27:58 [6904] [LOG] : 43
12-10-2020 13:27:58 [6904] [LOG] : 44
12-10-2020 13:27:58 [6904] [LOG] : Musical
12-10-2020 13:27:58 [6904] [LOG] : 46
12-10-2020 13:27:58 [6904] [LOG] : 47
12-10-2020 13:27:58 [6904] [LOG] : Music
12-10-2020 13:27:58 [6904] [LOG] : 49
12-10-2020 13:27:58 [6904] [LOG] : TI
12-10-2020 13:27:58 [6904] [LOG] : Music
12-10-2020 13:27:58 [6904] [LOG] : 52
12-10-2020 13:27:58 [6904] [LOG] : 53
12-10-2020 13:27:58 [6904] [LOG] : Music
12-10-2020 13:27:58 [6904] [LOG] : TI
12-10-2020 13:27:58 [6904] [LOG] : 56
12-10-2020 13:27:58 [6904] [LOG] : Music
12-10-2020 13:27:58 [6904] [LOG] : 58
12-10-2020 13:27:58 [6904] [LOG] : 59
12-10-2020 13:27:58 [6904] [LOG] : Musical
12-10-2020 13:27:58 [6904] [LOG] : 61
12-10-2020 13:27:58 [6904] [LOG] : 62
12-10-2020 13:27:58 [6904] [LOG] : Music
12-10-2020 13:27:58 [6904] [LOG] : 64
12-10-2020 13:27:58 [6904] [LOG] : TI
12-10-2020 13:27:58 [6904] [LOG] : Music
12-10-2020 13:27:58 [6904] [LOG] : 67
12-10-2020 13:27:58 [6904] [LOG] : 68
12-10-2020 13:27:58 [6904] [LOG] : Music
12-10-2020 13:27:58 [6904] [LOG] : TI
12-10-2020 13:27:58 [6904] [LOG] : 71
12-10-2020 13:27:58 [6904] [LOG] : Music
12-10-2020 13:27:58 [6904] [LOG] : 73
12-10-2020 13:27:58 [6904] [LOG] : 74
12-10-2020 13:27:58 [6904] [LOG] : Musical
12-10-2020 13:27:58 [6904] [LOG] : 76
12-10-2020 13:27:58 [6904] [LOG] : 77
12-10-2020 13:27:58 [6904] [LOG] : Music
12-10-2020 13:27:58 [6904] [LOG] : 79
12-10-2020 13:27:58 [6904] [LOG] : TI
12-10-2020 13:27:58 [6904] [LOG] : Music
12-10-2020 13:27:58 [6904] [LOG] : 82
12-10-2020 13:27:58 [6904] [LOG] : 83
12-10-2020 13:27:58 [6904] [LOG] : Music
12-10-2020 13:27:58 [6904] [LOG] : TI
12-10-2020 13:27:58 [6904] [LOG] : 86
12-10-2020 13:27:58 [6904] [LOG] : Music
12-10-2020 13:27:58 [6904] [LOG] : 88
12-10-2020 13:27:58 [6904] [LOG] : 89
12-10-2020 13:27:58 [6904] [LOG] : Musical
12-10-2020 13:27:58 [6904] [LOG] : 91
12-10-2020 13:27:58 [6904] [LOG] : 92
12-10-2020 13:27:58 [6904] [LOG] : Music
12-10-2020 13:27:58 [6904] [LOG] : 94
12-10-2020 13:27:58 [6904] [LOG] : TI
12-10-2020 13:27:58 [6904] [LOG] : Music
12-10-2020 13:27:58 [6904] [LOG] : 97
12-10-2020 13:27:58 [6904] [LOG] : 98
12-10-2020 13:27:58 [6904] [LOG] : Music
12-10-2020 13:27:58 [6904] [LOG] : TI
12-10-2020 13:28:27 [7488] [LOG] : 1
12-10-2020 13:28:27 [7488] [LOG] : 2
12-10-2020 13:28:27 [7488] [LOG] : Music
12-10-2020 13:28:27 [7488] [LOG] : 4
12-10-2020 13:28:27 [7488] [LOG] : TI
12-10-2020 13:28:27 [7488] [LOG] : Music
12-10-2020 13:28:27 [7488] [LOG] : 7
12-10-2020 13:28:27 [7488] [LOG] : 8
12-10-2020 13:28:27 [7488] [LOG] : Music
12-10-2020 13:28:27 [7488] [LOG] : TI
12-10-2020 13:28:27 [7488] [LOG] : 11
12-10-2020 13:28:27 [7488] [LOG] : Music
12-10-2020 13:28:27 [7488] [LOG] : 13
12-10-2020 13:28:27 [7488] [LOG] : 14
12-10-2020 13:28:27 [7488] [LOG] : Musical
12-10-2020 13:28:27 [7488] [LOG] : 16
12-10-2020 13:28:27 [7488] [LOG] : 17
12-10-2020 13:28:27 [7488] [LOG] : Music
12-10-2020 13:28:27 [7488] [LOG] : 19
12-10-2020 13:28:27 [7488] [LOG] : TI
12-10-2020 13:28:27 [7488] [LOG] : Music
12-10-2020 13:28:27 [7488] [LOG] : 22
12-10-2020 13:28:27 [7488] [LOG] : 23
12-10-2020 13:28:27 [7488] [LOG] : Music
12-10-2020 13:28:27 [7488] [LOG] : TI
12-10-2020 13:28:27 [7488] [LOG] : 26
12-10-2020 13:28:27 [7488] [LOG] : Music
12-10-2020 13:28:27 [7488] [LOG] : 28
12-10-2020 13:28:27 [7488] [LOG] : 29
12-10-2020 13:28:27 [7488] [LOG] : Musical
12-10-2020 13:28:27 [7488] [LOG] : 31
12-10-2020 13:28:27 [7488] [LOG] : 32
12-10-2020 13:28:27 [7488] [LOG] : Music
12-10-2020 13:28:27 [7488] [LOG] : 34
12-10-2020 13:28:27 [7488] [LOG] : TI
12-10-2020 13:28:27 [7488] [LOG] : Music
12-10-2020 13:28:27 [7488] [LOG] : 37
12-10-2020 13:28:27 [7488] [LOG] : 38
12-10-2020 13:28:27 [7488] [LOG] : Music
12-10-2020 13:28:27 [7488] [LOG] : TI
12-10-2020 13:28:27 [7488] [LOG] : 41
12-10-2020 13:28:27 [7488] [LOG] : Music
12-10-2020 13:28:27 [7488] [LOG] : 43
12-10-2020 13:28:27 [7488] [LOG] : 44
12-10-2020 13:28:27 [7488] [LOG] : Musical
12-10-2020 13:28:27 [7488] [LOG] : 46
12-10-2020 13:28:27 [7488] [LOG] : 47
12-10-2020 13:28:27 [7488] [LOG] : Music
12-10-2020 13:28:27 [7488] [LOG] : 49
12-10-2020 13:28:27 [7488] [LOG] : TI
12-10-2020 13:28:27 [7488] [LOG] : Music
12-10-2020 13:28:27 [7488] [LOG] : 52
12-10-2020 13:28:27 [7488] [LOG] : 53
12-10-2020 13:28:27 [7488] [LOG] : Music
12-10-2020 13:28:27 [7488] [LOG] : TI
12-10-2020 13:28:27 [7488] [LOG] : 56
12-10-2020 13:28:27 [7488] [LOG] : Music
12-10-2020 13:28:27 [7488] [LOG] : 58
12-10-2020 13:28:27 [7488] [LOG] : 59
12-10-2020 13:28:27 [7488] [LOG] : Musical
12-10-2020 13:28:27 [7488] [LOG] : 61
12-10-2020 13:28:27 [7488] [LOG] : 62
12-10-2020 13:28:27 [7488] [LOG] : Music
12-10-2020 13:28:27 [7488] [LOG] : 64
12-10-2020 13:28:27 [7488] [LOG] : TI
12-10-2020 13:28:27 [7488] [LOG] : Music
12-10-2020 13:28:27 [7488] [LOG] : 67
12-10-2020 13:28:27 [7488] [LOG] : 68
12-10-2020 13:28:27 [7488] [LOG] : Music
12-10-2020 13:28:27 [7488] [LOG] : TI
12-10-2020 13:28:27 [7488] [LOG] : 71
12-10-2020 13:28:27 [7488] [LOG] : Music
12-10-2020 13:28:27 [7488] [LOG] : 73
12-10-2020 13:28:27 [7488] [LOG] : 74
12-10-2020 13:28:27 [7488] [LOG] : Musical
12-10-2020 13:28:27 [7488] [LOG] : 76
12-10-2020 13:28:27 [7488] [LOG] : 77
12-10-2020 13:28:27 [7488] [LOG] : Music
12-10-2020 13:28:27 [7488] [LOG] : 79
12-10-2020 13:28:27 [7488] [LOG] : TI
12-10-2020 13:28:27 [7488] [LOG] : Music
12-10-2020 13:28:27 [7488] [LOG] : 82
12-10-2020 13:28:27 [7488] [LOG] : 83
12-10-2020 13:28:27 [7488] [LOG] : Music
12-10-2020 13:28:27 [7488] [LOG] : TI
12-10-2020 13:28:27 [7488] [LOG] : 86
12-10-2020 13:28:27 [7488] [LOG] : Music
12-10-2020 13:28:27 [7488] [LOG] : 88
12-10-2020 13:28:27 [7488] [LOG] : 89
12-10-2020 13:28:27 [7488] [LOG] : Musical
12-10-2020 13:28:27 [7488] [LOG] : 91
12-10-2020 13:28:27 [7488] [LOG] : 92
12-10-2020 13:28:27 [7488] [LOG] : Music
12-10-2020 13:28:27 [7488] [LOG] : 94
12-10-2020 13:28:27 [7488] [LOG] : TI
12-10-2020 13:28:27 [7488] [LOG] : Music
12-10-2020 13:28:27 [7488] [LOG] : 97
12-10-2020 13:28:27 [7488] [LOG] : 98
12-10-2020 13:28:27 [7488] [LOG] : Music
12-10-2020 13:28:27 [7488] [LOG] : TI
12-10-2020 13:28:29 [4224] [LOG] : 1
12-10-2020 13:28:29 [4224] [LOG] : 2
12-10-2020 13:28:29 [4224] [LOG] : Music
12-10-2020 13:28:29 [4224] [LOG] : 4
12-10-2020 13:28:29 [4224] [LOG] : TI
12-10-2020 13:28:29 [4224] [LOG] : Music
12-10-2020 13:28:29 [4224] [LOG] : 7
12-10-2020 13:28:29 [4224] [LOG] : 8
12-10-2020 13:28:29 [4224] [LOG] : Music
12-10-2020 13:28:29 [4224] [LOG] : TI
12-10-2020 13:28:29 [4224] [LOG] : 11
12-10-2020 13:28:29 [4224] [LOG] : Music
12-10-2020 13:28:29 [4224] [LOG] : 13
12-10-2020 13:28:29 [4224] [LOG] : 14
12-10-2020 13:28:29 [4224] [LOG] : Musical
12-10-2020 13:28:29 [4224] [LOG] : 16
12-10-2020 13:28:29 [4224] [LOG] : 17
12-10-2020 13:28:29 [4224] [LOG] : Music
12-10-2020 13:28:29 [4224] [LOG] : 19
12-10-2020 13:28:29 [4224] [LOG] : TI
12-10-2020 13:28:29 [4224] [LOG] : Music
12-10-2020 13:28:29 [4224] [LOG] : 22
12-10-2020 13:28:29 [4224] [LOG] : 23
12-10-2020 13:28:29 [4224] [LOG] : Music
12-10-2020 13:28:29 [4224] [LOG] : TI
12-10-2020 13:28:29 [4224] [LOG] : 26
12-10-2020 13:28:29 [4224] [LOG] : Music
12-10-2020 13:28:29 [4224] [LOG] : 28
12-10-2020 13:28:29 [4224] [LOG] : 29
12-10-2020 13:28:29 [4224] [LOG] : Musical
12-10-2020 13:28:29 [4224] [LOG] : 31
12-10-2020 13:28:29 [4224] [LOG] : 32
12-10-2020 13:28:29 [4224] [LOG] : Music
12-10-2020 13:28:29 [4224] [LOG] : 34
12-10-2020 13:28:29 [4224] [LOG] : TI
12-10-2020 13:28:29 [4224] [LOG] : Music
12-10-2020 13:28:29 [4224] [LOG] : 37
12-10-2020 13:28:29 [4224] [LOG] : 38
12-10-2020 13:28:29 [4224] [LOG] : Music
12-10-2020 13:28:29 [4224] [LOG] : TI
12-10-2020 13:28:29 [4224] [LOG] : 41
12-10-2020 13:28:29 [4224] [LOG] : Music
12-10-2020 13:28:29 [4224] [LOG] : 43
12-10-2020 13:28:29 [4224] [LOG] : 44
12-10-2020 13:28:29 [4224] [LOG] : Musical
12-10-2020 13:28:29 [4224] [LOG] : 46
12-10-2020 13:28:29 [4224] [LOG] : 47
12-10-2020 13:28:29 [4224] [LOG] : Music
12-10-2020 13:28:29 [4224] [LOG] : 49
12-10-2020 13:28:29 [4224] [LOG] : TI
12-10-2020 13:28:29 [4224] [LOG] : Music
12-10-2020 13:28:29 [4224] [LOG] : 52
12-10-2020 13:28:29 [4224] [LOG] : 53
12-10-2020 13:28:29 [4224] [LOG] : Music
12-10-2020 13:28:29 [4224] [LOG] : TI
12-10-2020 13:28:29 [4224] [LOG] : 56
12-10-2020 13:28:29 [4224] [LOG] : Music
12-10-2020 13:28:29 [4224] [LOG] : 58
12-10-2020 13:28:29 [4224] [LOG] : 59
12-10-2020 13:28:29 [4224] [LOG] : Musical
12-10-2020 13:28:29 [4224] [LOG] : 61
12-10-2020 13:28:29 [4224] [LOG] : 62
12-10-2020 13:28:29 [4224] [LOG] : Music
12-10-2020 13:28:29 [4224] [LOG] : 64
12-10-2020 13:28:29 [4224] [LOG] : TI
12-10-2020 13:28:29 [4224] [LOG] : Music
12-10-2020 13:28:29 [4224] [LOG] : 67
12-10-2020 13:28:29 [4224] [LOG] : 68
12-10-2020 13:28:29 [4224] [LOG] : Music
12-10-2020 13:28:29 [4224] [LOG] : TI
12-10-2020 13:28:29 [4224] [LOG] : 71
12-10-2020 13:28:29 [4224] [LOG] : Music
12-10-2020 13:28:29 [4224] [LOG] : 73
12-10-2020 13:28:29 [4224] [LOG] : 74
12-10-2020 13:28:29 [4224] [LOG] : Musical
12-10-2020 13:28:29 [4224] [LOG] : 76
12-10-2020 13:28:29 [4224] [LOG] : 77
12-10-2020 13:28:29 [4224] [LOG] : Music
12-10-2020 13:28:29 [4224] [LOG] : 79
12-10-2020 13:28:29 [4224] [LOG] : TI
12-10-2020 13:28:29 [4224] [LOG] : Music
12-10-2020 13:28:29 [4224] [LOG] : 82
12-10-2020 13:28:29 [4224] [LOG] : 83
12-10-2020 13:28:29 [4224] [LOG] : Music
12-10-2020 13:28:29 [4224] [LOG] : TI
12-10-2020 13:28:29 [4224] [LOG] : 86
12-10-2020 13:28:29 [4224] [LOG] : Music
12-10-2020 13:28:29 [4224] [LOG] : 88
12-10-2020 13:28:29 [4224] [LOG] : 89
12-10-2020 13:28:29 [4224] [LOG] : Musical
12-10-2020 13:28:29 [4224] [LOG] : 91
12-10-2020 13:28:29 [4224] [LOG] : 92
12-10-2020 13:28:29 [4224] [LOG] : Music
12-10-2020 13:28:29 [4224] [LOG] : 94
12-10-2020 13:28:29 [4224] [LOG] : TI
12-10-2020 13:28:29 [4224] [LOG] : Music
12-10-2020 13:28:29 [4224] [LOG] : 97
12-10-2020 13:28:29 [4224] [LOG] : 98
12-10-2020 13:28:29 [4224] [LOG] : Music
12-10-2020 13:28:29 [4224] [LOG] : TI
12-10-2020 13:28:31 [14396] [LOG] : 1
12-10-2020 13:28:31 [14396] [LOG] : 2
12-10-2020 13:28:31 [14396] [LOG] : Music
12-10-2020 13:28:31 [14396] [LOG] : 4
12-10-2020 13:28:31 [14396] [LOG] : TI
12-10-2020 13:28:31 [14396] [LOG] : Music
12-10-2020 13:28:31 [14396] [LOG] : 7
12-10-2020 13:28:31 [14396] [LOG] : 8
12-10-2020 13:28:31 [14396] [LOG] : Music
12-10-2020 13:28:31 [14396] [LOG] : TI
12-10-2020 13:28:31 [14396] [LOG] : 11
12-10-2020 13:28:31 [14396] [LOG] : Music
12-10-2020 13:28:31 [14396] [LOG] : 13
12-10-2020 13:28:31 [14396] [LOG] : 14
12-10-2020 13:28:31 [14396] [LOG] : Musical
12-10-2020 13:28:31 [14396] [LOG] : 16
12-10-2020 13:28:31 [14396] [LOG] : 17
12-10-2020 13:28:31 [14396] [LOG] : Music
12-10-2020 13:28:31 [14396] [LOG] : 19
12-10-2020 13:28:31 [14396] [LOG] : TI
12-10-2020 13:28:31 [14396] [LOG] : Music
12-10-2020 13:28:31 [14396] [LOG] : 22
12-10-2020 13:28:31 [14396] [LOG] : 23
12-10-2020 13:28:31 [14396] [LOG] : Music
12-10-2020 13:28:31 [14396] [LOG] : TI
12-10-2020 13:28:31 [14396] [LOG] : 26
12-10-2020 13:28:31 [14396] [LOG] : Music
12-10-2020 13:28:31 [14396] [LOG] : 28
12-10-2020 13:28:31 [14396] [LOG] : 29
12-10-2020 13:28:31 [14396] [LOG] : Musical
12-10-2020 13:28:31 [14396] [LOG] : 31
12-10-2020 13:28:31 [14396] [LOG] : 32
12-10-2020 13:28:31 [14396] [LOG] : Music
12-10-2020 13:28:31 [14396] [LOG] : 34
12-10-2020 13:28:31 [14396] [LOG] : TI
12-10-2020 13:28:31 [14396] [LOG] : Music
12-10-2020 13:28:31 [14396] [LOG] : 37
12-10-2020 13:28:31 [14396] [LOG] : 38
12-10-2020 13:28:31 [14396] [LOG] : Music
12-10-2020 13:28:31 [14396] [LOG] : TI
12-10-2020 13:28:31 [14396] [LOG] : 41
12-10-2020 13:28:31 [14396] [LOG] : Music
12-10-2020 13:28:31 [14396] [LOG] : 43
12-10-2020 13:28:31 [14396] [LOG] : 44
12-10-2020 13:28:31 [14396] [LOG] : Musical
12-10-2020 13:28:31 [14396] [LOG] : 46
12-10-2020 13:28:31 [14396] [LOG] : 47
12-10-2020 13:28:31 [14396] [LOG] : Music
12-10-2020 13:28:31 [14396] [LOG] : 49
12-10-2020 13:28:31 [14396] [LOG] : TI
12-10-2020 13:28:31 [14396] [LOG] : Music
12-10-2020 13:28:31 [14396] [LOG] : 52
12-10-2020 13:28:31 [14396] [LOG] : 53
12-10-2020 13:28:31 [14396] [LOG] : Music
12-10-2020 13:28:31 [14396] [LOG] : TI
12-10-2020 13:28:31 [14396] [LOG] : 56
12-10-2020 13:28:31 [14396] [LOG] : Music
12-10-2020 13:28:31 [14396] [LOG] : 58
12-10-2020 13:28:31 [14396] [LOG] : 59
12-10-2020 13:28:31 [14396] [LOG] : Musical
12-10-2020 13:28:31 [14396] [LOG] : 61
12-10-2020 13:28:31 [14396] [LOG] : 62
12-10-2020 13:28:31 [14396] [LOG] : Music
12-10-2020 13:28:31 [14396] [LOG] : 64
12-10-2020 13:28:31 [14396] [LOG] : TI
12-10-2020 13:28:31 [14396] [LOG] : Music
12-10-2020 13:28:31 [14396] [LOG] : 67
12-10-2020 13:28:31 [14396] [LOG] : 68
12-10-2020 13:28:31 [14396] [LOG] : Music
12-10-2020 13:28:31 [14396] [LOG] : TI
12-10-2020 13:28:31 [14396] [LOG] : 71
12-10-2020 13:28:31 [14396] [LOG] : Music
12-10-2020 13:28:31 [14396] [LOG] : 73
12-10-2020 13:28:31 [14396] [LOG] : 74
12-10-2020 13:28:31 [14396] [LOG] : Musical
12-10-2020 13:28:31 [14396] [LOG] : 76
12-10-2020 13:28:31 [14396] [LOG] : 77
12-10-2020 13:28:31 [14396] [LOG] : Music
12-10-2020 13:28:31 [14396] [LOG] : 79
12-10-2020 13:28:31 [14396] [LOG] : TI
12-10-2020 13:28:31 [14396] [LOG] : Music
12-10-2020 13:28:31 [14396] [LOG] : 82
12-10-2020 13:28:31 [14396] [LOG] : 83
12-10-2020 13:28:31 [14396] [LOG] : Music
12-10-2020 13:28:31 [14396] [LOG] : TI
12-10-2020 13:28:31 [14396] [LOG] : 86
12-10-2020 13:28:31 [14396] [LOG] : Music
12-10-2020 13:28:31 [14396] [LOG] : 88
12-10-2020 13:28:31 [14396] [LOG] : 89
12-10-2020 13:28:31 [14396] [LOG] : Musical
12-10-2020 13:28:31 [14396] [LOG] : 91
12-10-2020 13:28:31 [14396] [LOG] : 92
12-10-2020 13:28:31 [14396] [LOG] : Music
12-10-2020 13:28:31 [14396] [LOG] : 94
12-10-2020 13:28:31 [14396] [LOG] : TI
12-10-2020 13:28:31 [14396] [LOG] : Music
12-10-2020 13:28:31 [14396] [LOG] : 97
12-10-2020 13:28:31 [14396] [LOG] : 98
12-10-2020 13:28:31 [14396] [LOG] : Music
12-10-2020 13:28:31 [14396] [LOG] : TI
12-10-2020 13:28:37 [14396] [LOG] : 1
12-10-2020 13:28:37 [14396] [LOG] : 2
12-10-2020 13:28:37 [14396] [LOG] : Music
12-10-2020 13:28:37 [14396] [LOG] : 4
12-10-2020 13:28:37 [14396] [LOG] : TI
12-10-2020 13:28:37 [14396] [LOG] : Music
12-10-2020 13:28:37 [14396] [LOG] : 7
12-10-2020 13:28:37 [14396] [LOG] : 8
12-10-2020 13:28:37 [14396] [LOG] : Music
12-10-2020 13:28:37 [14396] [LOG] : TI
12-10-2020 13:28:37 [14396] [LOG] : 11
12-10-2020 13:28:37 [14396] [LOG] : Music
12-10-2020 13:28:37 [14396] [LOG] : 13
12-10-2020 13:28:37 [14396] [LOG] : 14
12-10-2020 13:28:37 [14396] [LOG] : Musical
12-10-2020 13:28:37 [14396] [LOG] : 16
12-10-2020 13:28:37 [14396] [LOG] : 17
12-10-2020 13:28:37 [14396] [LOG] : Music
12-10-2020 13:28:37 [14396] [LOG] : 19
12-10-2020 13:28:37 [14396] [LOG] : TI
12-10-2020 13:28:37 [14396] [LOG] : Music
12-10-2020 13:28:37 [14396] [LOG] : 22
12-10-2020 13:28:37 [14396] [LOG] : 23
12-10-2020 13:28:37 [14396] [LOG] : Music
12-10-2020 13:28:37 [14396] [LOG] : TI
12-10-2020 13:28:37 [14396] [LOG] : 26
12-10-2020 13:28:37 [14396] [LOG] : Music
12-10-2020 13:28:37 [14396] [LOG] : 28
12-10-2020 13:28:37 [14396] [LOG] : 29
12-10-2020 13:28:37 [14396] [LOG] : Musical
12-10-2020 13:28:37 [14396] [LOG] : 31
12-10-2020 13:28:37 [14396] [LOG] : 32
12-10-2020 13:28:37 [14396] [LOG] : Music
12-10-2020 13:28:37 [14396] [LOG] : 34
12-10-2020 13:28:37 [14396] [LOG] : TI
12-10-2020 13:28:37 [14396] [LOG] : Music
12-10-2020 13:28:37 [14396] [LOG] : 37
12-10-2020 13:28:37 [14396] [LOG] : 38
12-10-2020 13:28:37 [14396] [LOG] : Music
12-10-2020 13:28:37 [14396] [LOG] : TI
12-10-2020 13:28:37 [14396] [LOG] : 41
12-10-2020 13:28:37 [14396] [LOG] : Music
12-10-2020 13:28:37 [14396] [LOG] : 43
12-10-2020 13:28:37 [14396] [LOG] : 44
12-10-2020 13:28:37 [14396] [LOG] : Musical
12-10-2020 13:28:37 [14396] [LOG] : 46
12-10-2020 13:28:37 [14396] [LOG] : 47
12-10-2020 13:28:37 [14396] [LOG] : Music
12-10-2020 13:28:37 [14396] [LOG] : 49
12-10-2020 13:28:37 [14396] [LOG] : TI
12-10-2020 13:28:37 [14396] [LOG] : Music
12-10-2020 13:28:37 [14396] [LOG] : 52
12-10-2020 13:28:37 [14396] [LOG] : 53
12-10-2020 13:28:37 [14396] [LOG] : Music
12-10-2020 13:28:37 [14396] [LOG] : TI
12-10-2020 13:28:37 [14396] [LOG] : 56
12-10-2020 13:28:37 [14396] [LOG] : Music
12-10-2020 13:28:37 [14396] [LOG] : 58
12-10-2020 13:28:37 [14396] [LOG] : 59
12-10-2020 13:28:37 [14396] [LOG] : Musical
12-10-2020 13:28:37 [14396] [LOG] : 61
12-10-2020 13:28:37 [14396] [LOG] : 62
12-10-2020 13:28:37 [14396] [LOG] : Music
12-10-2020 13:28:37 [14396] [LOG] : 64
12-10-2020 13:28:37 [14396] [LOG] : TI
12-10-2020 13:28:37 [14396] [LOG] : Music
12-10-2020 13:28:37 [14396] [LOG] : 67
12-10-2020 13:28:37 [14396] [LOG] : 68
12-10-2020 13:28:37 [14396] [LOG] : Music
12-10-2020 13:28:37 [14396] [LOG] : TI
12-10-2020 13:28:37 [14396] [LOG] : 71
12-10-2020 13:28:37 [14396] [LOG] : Music
12-10-2020 13:28:37 [14396] [LOG] : 73
12-10-2020 13:28:37 [14396] [LOG] : 74
12-10-2020 13:28:37 [14396] [LOG] : Musical
12-10-2020 13:28:37 [14396] [LOG] : 76
12-10-2020 13:28:37 [14396] [LOG] : 77
12-10-2020 13:28:37 [14396] [LOG] : Music
12-10-2020 13:28:37 [14396] [LOG] : 79
12-10-2020 13:28:37 [14396] [LOG] : TI
12-10-2020 13:28:37 [14396] [LOG] : Music
12-10-2020 13:28:37 [14396] [LOG] : 82
12-10-2020 13:28:37 [14396] [LOG] : 83
12-10-2020 13:28:37 [14396] [LOG] : Music
12-10-2020 13:28:37 [14396] [LOG] : TI
12-10-2020 13:28:37 [14396] [LOG] : 86
12-10-2020 13:28:37 [14396] [LOG] : Music
12-10-2020 13:28:37 [14396] [LOG] : 88
12-10-2020 13:28:37 [14396] [LOG] : 89
12-10-2020 13:28:37 [14396] [LOG] : Musical
12-10-2020 13:28:37 [14396] [LOG] : 91
12-10-2020 13:28:37 [14396] [LOG] : 92
12-10-2020 13:28:37 [14396] [LOG] : Music
12-10-2020 13:28:37 [14396] [LOG] : 94
12-10-2020 13:28:37 [14396] [LOG] : TI
12-10-2020 13:28:37 [14396] [LOG] : Music
12-10-2020 13:28:37 [14396] [LOG] : 97
12-10-2020 13:28:37 [14396] [LOG] : 98
12-10-2020 13:28:37 [14396] [LOG] : Music
12-10-2020 13:28:37 [14396] [LOG] : TI
12-10-2020 13:28:37 [14396] [LOG] : 
12-10-2020 13:28:40 [6532] [LOG] : 1
12-10-2020 13:28:40 [6532] [LOG] : 2
12-10-2020 13:28:40 [6532] [LOG] : Music
12-10-2020 13:28:40 [6532] [LOG] : 4
12-10-2020 13:28:40 [6532] [LOG] : TI
12-10-2020 13:28:40 [6532] [LOG] : Music
12-10-2020 13:28:40 [6532] [LOG] : 7
12-10-2020 13:28:40 [6532] [LOG] : 8
12-10-2020 13:28:40 [6532] [LOG] : Music
12-10-2020 13:28:40 [6532] [LOG] : TI
12-10-2020 13:28:40 [6532] [LOG] : 11
12-10-2020 13:28:40 [6532] [LOG] : Music
12-10-2020 13:28:40 [6532] [LOG] : 13
12-10-2020 13:28:40 [6532] [LOG] : 14
12-10-2020 13:28:40 [6532] [LOG] : Musical
12-10-2020 13:28:40 [6532] [LOG] : 16
12-10-2020 13:28:40 [6532] [LOG] : 17
12-10-2020 13:28:40 [6532] [LOG] : Music
12-10-2020 13:28:40 [6532] [LOG] : 19
12-10-2020 13:28:40 [6532] [LOG] : TI
12-10-2020 13:28:40 [6532] [LOG] : Music
12-10-2020 13:28:40 [6532] [LOG] : 22
12-10-2020 13:28:40 [6532] [LOG] : 23
12-10-2020 13:28:40 [6532] [LOG] : Music
12-10-2020 13:28:40 [6532] [LOG] : TI
12-10-2020 13:28:40 [6532] [LOG] : 26
12-10-2020 13:28:40 [6532] [LOG] : Music
12-10-2020 13:28:40 [6532] [LOG] : 28
12-10-2020 13:28:40 [6532] [LOG] : 29
12-10-2020 13:28:40 [6532] [LOG] : Musical
12-10-2020 13:28:40 [6532] [LOG] : 31
12-10-2020 13:28:40 [6532] [LOG] : 32
12-10-2020 13:28:40 [6532] [LOG] : Music
12-10-2020 13:28:40 [6532] [LOG] : 34
12-10-2020 13:28:40 [6532] [LOG] : TI
12-10-2020 13:28:40 [6532] [LOG] : Music
12-10-2020 13:28:40 [6532] [LOG] : 37
12-10-2020 13:28:40 [6532] [LOG] : 38
12-10-2020 13:28:40 [6532] [LOG] : Music
12-10-2020 13:28:40 [6532] [LOG] : TI
12-10-2020 13:28:40 [6532] [LOG] : 41
12-10-2020 13:28:40 [6532] [LOG] : Music
12-10-2020 13:28:40 [6532] [LOG] : 43
12-10-2020 13:28:40 [6532] [LOG] : 44
12-10-2020 13:28:40 [6532] [LOG] : Musical
12-10-2020 13:28:40 [6532] [LOG] : 46
12-10-2020 13:28:40 [6532] [LOG] : 47
12-10-2020 13:28:40 [6532] [LOG] : Music
12-10-2020 13:28:40 [6532] [LOG] : 49
12-10-2020 13:28:40 [6532] [LOG] : TI
12-10-2020 13:28:40 [6532] [LOG] : Music
12-10-2020 13:28:40 [6532] [LOG] : 52
12-10-2020 13:28:40 [6532] [LOG] : 53
12-10-2020 13:28:40 [6532] [LOG] : Music
12-10-2020 13:28:40 [6532] [LOG] : TI
12-10-2020 13:28:40 [6532] [LOG] : 56
12-10-2020 13:28:40 [6532] [LOG] : Music
12-10-2020 13:28:40 [6532] [LOG] : 58
12-10-2020 13:28:40 [6532] [LOG] : 59
12-10-2020 13:28:40 [6532] [LOG] : Musical
12-10-2020 13:28:40 [6532] [LOG] : 61
12-10-2020 13:28:40 [6532] [LOG] : 62
12-10-2020 13:28:40 [6532] [LOG] : Music
12-10-2020 13:28:40 [6532] [LOG] : 64
12-10-2020 13:28:40 [6532] [LOG] : TI
12-10-2020 13:28:40 [6532] [LOG] : Music
12-10-2020 13:28:40 [6532] [LOG] : 67
12-10-2020 13:28:40 [6532] [LOG] : 68
12-10-2020 13:28:40 [6532] [LOG] : Music
12-10-2020 13:28:40 [6532] [LOG] : TI
12-10-2020 13:28:40 [6532] [LOG] : 71
12-10-2020 13:28:40 [6532] [LOG] : Music
12-10-2020 13:28:40 [6532] [LOG] : 73
12-10-2020 13:28:40 [6532] [LOG] : 74
12-10-2020 13:28:40 [6532] [LOG] : Musical
12-10-2020 13:28:40 [6532] [LOG] : 76
12-10-2020 13:28:40 [6532] [LOG] : 77
12-10-2020 13:28:40 [6532] [LOG] : Music
12-10-2020 13:28:40 [6532] [LOG] : 79
12-10-2020 13:28:40 [6532] [LOG] : TI
12-10-2020 13:28:40 [6532] [LOG] : Music
12-10-2020 13:28:40 [6532] [LOG] : 82
12-10-2020 13:28:40 [6532] [LOG] : 83
12-10-2020 13:28:40 [6532] [LOG] : Music
12-10-2020 13:28:40 [6532] [LOG] : TI
12-10-2020 13:28:40 [6532] [LOG] : 86
12-10-2020 13:28:40 [6532] [LOG] : Music
12-10-2020 13:28:40 [6532] [LOG] : 88
12-10-2020 13:28:40 [6532] [LOG] : 89
12-10-2020 13:28:40 [6532] [LOG] : Musical
12-10-2020 13:28:40 [6532] [LOG] : 91
12-10-2020 13:28:40 [6532] [LOG] : 92
12-10-2020 13:28:40 [6532] [LOG] : Music
12-10-2020 13:28:40 [6532] [LOG] : 94
12-10-2020 13:28:40 [6532] [LOG] : TI
12-10-2020 13:28:40 [6532] [LOG] : Music
12-10-2020 13:28:40 [6532] [LOG] : 97
12-10-2020 13:28:40 [6532] [LOG] : 98
12-10-2020 13:28:40 [6532] [LOG] : Music
12-10-2020 13:28:40 [6532] [LOG] : TI
12-10-2020 13:28:40 [6532] [LOG] : [1,2,Music,4,TI,Music,7,8,Music,TI,11,Music,13,14,Musical,16,17,Music,19,TI,Music,22,23,Music,TI,26,Music,28,29,Musical,31,32,Music,34,TI,Music,37,38,Music,TI,41,Music,43,44,Musical,46,47,Music,49,TI,Music,52,53,Music,TI,56,Music,58,59,Musical,61,62,Music,64,TI,Music,67,68,Music,TI,71,Music,73,74,Musical,76,77,Music,79,TI,Music,82,83,Music,TI,86,Music,88,89,Musical,91,92,Music,94,TI,Music,97,98,Music,TI]
12-10-2020 13:29:12 [9304] [LOG] : 1
12-10-2020 13:29:12 [9304] [LOG] : 2
12-10-2020 13:29:12 [9304] [LOG] : Music
12-10-2020 13:29:12 [9304] [LOG] : 4
12-10-2020 13:29:12 [9304] [LOG] : TI
12-10-2020 13:29:12 [9304] [LOG] : Music
12-10-2020 13:29:12 [9304] [LOG] : 7
12-10-2020 13:29:12 [9304] [LOG] : 8
12-10-2020 13:29:12 [9304] [LOG] : Music
12-10-2020 13:29:12 [9304] [LOG] : TI
12-10-2020 13:29:12 [9304] [LOG] : 11
12-10-2020 13:29:12 [9304] [LOG] : Music
12-10-2020 13:29:12 [9304] [LOG] : 13
12-10-2020 13:29:12 [9304] [LOG] : 14
12-10-2020 13:29:12 [9304] [LOG] : Musical
12-10-2020 13:29:12 [9304] [LOG] : 16
12-10-2020 13:29:12 [9304] [LOG] : 17
12-10-2020 13:29:12 [9304] [LOG] : Music
12-10-2020 13:29:12 [9304] [LOG] : 19
12-10-2020 13:29:12 [9304] [LOG] : TI
12-10-2020 13:29:12 [9304] [LOG] : Music
12-10-2020 13:29:12 [9304] [LOG] : 22
12-10-2020 13:29:12 [9304] [LOG] : 23
12-10-2020 13:29:12 [9304] [LOG] : Music
12-10-2020 13:29:12 [9304] [LOG] : TI
12-10-2020 13:29:12 [9304] [LOG] : 26
12-10-2020 13:29:12 [9304] [LOG] : Music
12-10-2020 13:29:12 [9304] [LOG] : 28
12-10-2020 13:29:12 [9304] [LOG] : 29
12-10-2020 13:29:12 [9304] [LOG] : Musical
12-10-2020 13:29:12 [9304] [LOG] : 31
12-10-2020 13:29:12 [9304] [LOG] : 32
12-10-2020 13:29:12 [9304] [LOG] : Music
12-10-2020 13:29:12 [9304] [LOG] : 34
12-10-2020 13:29:12 [9304] [LOG] : TI
12-10-2020 13:29:12 [9304] [LOG] : Music
12-10-2020 13:29:12 [9304] [LOG] : 37
12-10-2020 13:29:12 [9304] [LOG] : 38
12-10-2020 13:29:12 [9304] [LOG] : Music
12-10-2020 13:29:12 [9304] [LOG] : TI
12-10-2020 13:29:12 [9304] [LOG] : 41
12-10-2020 13:29:12 [9304] [LOG] : Music
12-10-2020 13:29:12 [9304] [LOG] : 43
12-10-2020 13:29:12 [9304] [LOG] : 44
12-10-2020 13:29:12 [9304] [LOG] : Musical
12-10-2020 13:29:12 [9304] [LOG] : 46
12-10-2020 13:29:12 [9304] [LOG] : 47
12-10-2020 13:29:12 [9304] [LOG] : Music
12-10-2020 13:29:12 [9304] [LOG] : 49
12-10-2020 13:29:12 [9304] [LOG] : TI
12-10-2020 13:29:12 [9304] [LOG] : Music
12-10-2020 13:29:12 [9304] [LOG] : 52
12-10-2020 13:29:12 [9304] [LOG] : 53
12-10-2020 13:29:12 [9304] [LOG] : Music
12-10-2020 13:29:12 [9304] [LOG] : TI
12-10-2020 13:29:12 [9304] [LOG] : 56
12-10-2020 13:29:12 [9304] [LOG] : Music
12-10-2020 13:29:12 [9304] [LOG] : 58
12-10-2020 13:29:12 [9304] [LOG] : 59
12-10-2020 13:29:12 [9304] [LOG] : Musical
12-10-2020 13:29:12 [9304] [LOG] : 61
12-10-2020 13:29:12 [9304] [LOG] : 62
12-10-2020 13:29:12 [9304] [LOG] : Music
12-10-2020 13:29:12 [9304] [LOG] : 64
12-10-2020 13:29:12 [9304] [LOG] : TI
12-10-2020 13:29:12 [9304] [LOG] : Music
12-10-2020 13:29:12 [9304] [LOG] : 67
12-10-2020 13:29:12 [9304] [LOG] : 68
12-10-2020 13:29:12 [9304] [LOG] : Music
12-10-2020 13:29:12 [9304] [LOG] : TI
12-10-2020 13:29:12 [9304] [LOG] : 71
12-10-2020 13:29:12 [9304] [LOG] : Music
12-10-2020 13:29:12 [9304] [LOG] : 73
12-10-2020 13:29:12 [9304] [LOG] : 74
12-10-2020 13:29:12 [9304] [LOG] : Musical
12-10-2020 13:29:12 [9304] [LOG] : 76
12-10-2020 13:29:12 [9304] [LOG] : 77
12-10-2020 13:29:12 [9304] [LOG] : Music
12-10-2020 13:29:12 [9304] [LOG] : 79
12-10-2020 13:29:12 [9304] [LOG] : TI
12-10-2020 13:29:12 [9304] [LOG] : Music
12-10-2020 13:29:12 [9304] [LOG] : 82
12-10-2020 13:29:12 [9304] [LOG] : 83
12-10-2020 13:29:12 [9304] [LOG] : Music
12-10-2020 13:29:12 [9304] [LOG] : TI
12-10-2020 13:29:12 [9304] [LOG] : 86
12-10-2020 13:29:12 [9304] [LOG] : Music
12-10-2020 13:29:12 [9304] [LOG] : 88
12-10-2020 13:29:12 [9304] [LOG] : 89
12-10-2020 13:29:12 [9304] [LOG] : Musical
12-10-2020 13:29:12 [9304] [LOG] : 91
12-10-2020 13:29:12 [9304] [LOG] : 92
12-10-2020 13:29:12 [9304] [LOG] : Music
12-10-2020 13:29:12 [9304] [LOG] : 94
12-10-2020 13:29:12 [9304] [LOG] : TI
12-10-2020 13:29:12 [9304] [LOG] : Music
12-10-2020 13:29:12 [9304] [LOG] : 97
12-10-2020 13:29:12 [9304] [LOG] : 98
12-10-2020 13:29:12 [9304] [LOG] : Music
12-10-2020 13:29:12 [9304] [LOG] : TI
12-10-2020 13:29:12 [9304] [LOG] : [1,2,Music,4,TI,Music,7,8,Music,TI,11,Music,13,14,Musical,16,17,Music,19,TI,Music,22,23,Music,TI,26,Music,28,29,Musical,31,32,Music,34,TI,Music,37,38,Music,TI,41,Music,43,44,Musical,46,47,Music,49,TI,Music,52,53,Music,TI,56,Music,58,59,Musical,61,62,Music,64,TI,Music,67,68,Music,TI,71,Music,73,74,Musical,76,77,Music,79,TI,Music,82,83,Music,TI,86,Music,88,89,Musical,91,92,Music,94,TI,Music,97,98,Music,TI]
12-10-2020 13:29:13 [13256] [LOG] : 1
12-10-2020 13:29:13 [13256] [LOG] : 2
12-10-2020 13:29:13 [13256] [LOG] : Music
12-10-2020 13:29:13 [13256] [LOG] : 4
12-10-2020 13:29:13 [13256] [LOG] : TI
12-10-2020 13:29:13 [13256] [LOG] : Music
12-10-2020 13:29:13 [13256] [LOG] : 7
12-10-2020 13:29:13 [13256] [LOG] : 8
12-10-2020 13:29:13 [13256] [LOG] : Music
12-10-2020 13:29:13 [13256] [LOG] : TI
12-10-2020 13:29:13 [13256] [LOG] : 11
12-10-2020 13:29:13 [13256] [LOG] : Music
12-10-2020 13:29:13 [13256] [LOG] : 13
12-10-2020 13:29:13 [13256] [LOG] : 14
12-10-2020 13:29:13 [13256] [LOG] : Musical
12-10-2020 13:29:13 [13256] [LOG] : 16
12-10-2020 13:29:13 [13256] [LOG] : 17
12-10-2020 13:29:13 [13256] [LOG] : Music
12-10-2020 13:29:13 [13256] [LOG] : 19
12-10-2020 13:29:13 [13256] [LOG] : TI
12-10-2020 13:29:13 [13256] [LOG] : Music
12-10-2020 13:29:13 [13256] [LOG] : 22
12-10-2020 13:29:13 [13256] [LOG] : 23
12-10-2020 13:29:13 [13256] [LOG] : Music
12-10-2020 13:29:13 [13256] [LOG] : TI
12-10-2020 13:29:13 [13256] [LOG] : 26
12-10-2020 13:29:13 [13256] [LOG] : Music
12-10-2020 13:29:13 [13256] [LOG] : 28
12-10-2020 13:29:13 [13256] [LOG] : 29
12-10-2020 13:29:13 [13256] [LOG] : Musical
12-10-2020 13:29:13 [13256] [LOG] : 31
12-10-2020 13:29:13 [13256] [LOG] : 32
12-10-2020 13:29:13 [13256] [LOG] : Music
12-10-2020 13:29:13 [13256] [LOG] : 34
12-10-2020 13:29:13 [13256] [LOG] : TI
12-10-2020 13:29:13 [13256] [LOG] : Music
12-10-2020 13:29:13 [13256] [LOG] : 37
12-10-2020 13:29:13 [13256] [LOG] : 38
12-10-2020 13:29:13 [13256] [LOG] : Music
12-10-2020 13:29:13 [13256] [LOG] : TI
12-10-2020 13:29:13 [13256] [LOG] : 41
12-10-2020 13:29:13 [13256] [LOG] : Music
12-10-2020 13:29:13 [13256] [LOG] : 43
12-10-2020 13:29:13 [13256] [LOG] : 44
12-10-2020 13:29:13 [13256] [LOG] : Musical
12-10-2020 13:29:13 [13256] [LOG] : 46
12-10-2020 13:29:13 [13256] [LOG] : 47
12-10-2020 13:29:13 [13256] [LOG] : Music
12-10-2020 13:29:13 [13256] [LOG] : 49
12-10-2020 13:29:13 [13256] [LOG] : TI
12-10-2020 13:29:13 [13256] [LOG] : Music
12-10-2020 13:29:13 [13256] [LOG] : 52
12-10-2020 13:29:13 [13256] [LOG] : 53
12-10-2020 13:29:13 [13256] [LOG] : Music
12-10-2020 13:29:13 [13256] [LOG] : TI
12-10-2020 13:29:13 [13256] [LOG] : 56
12-10-2020 13:29:13 [13256] [LOG] : Music
12-10-2020 13:29:13 [13256] [LOG] : 58
12-10-2020 13:29:13 [13256] [LOG] : 59
12-10-2020 13:29:13 [13256] [LOG] : Musical
12-10-2020 13:29:13 [13256] [LOG] : 61
12-10-2020 13:29:13 [13256] [LOG] : 62
12-10-2020 13:29:13 [13256] [LOG] : Music
12-10-2020 13:29:13 [13256] [LOG] : 64
12-10-2020 13:29:13 [13256] [LOG] : TI
12-10-2020 13:29:13 [13256] [LOG] : Music
12-10-2020 13:29:13 [13256] [LOG] : 67
12-10-2020 13:29:13 [13256] [LOG] : 68
12-10-2020 13:29:13 [13256] [LOG] : Music
12-10-2020 13:29:13 [13256] [LOG] : TI
12-10-2020 13:29:13 [13256] [LOG] : 71
12-10-2020 13:29:13 [13256] [LOG] : Music
12-10-2020 13:29:13 [13256] [LOG] : 73
12-10-2020 13:29:13 [13256] [LOG] : 74
12-10-2020 13:29:13 [13256] [LOG] : Musical
12-10-2020 13:29:13 [13256] [LOG] : 76
12-10-2020 13:29:13 [13256] [LOG] : 77
12-10-2020 13:29:13 [13256] [LOG] : Music
12-10-2020 13:29:13 [13256] [LOG] : 79
12-10-2020 13:29:13 [13256] [LOG] : TI
12-10-2020 13:29:13 [13256] [LOG] : Music
12-10-2020 13:29:13 [13256] [LOG] : 82
12-10-2020 13:29:13 [13256] [LOG] : 83
12-10-2020 13:29:13 [13256] [LOG] : Music
12-10-2020 13:29:13 [13256] [LOG] : TI
12-10-2020 13:29:13 [13256] [LOG] : 86
12-10-2020 13:29:13 [13256] [LOG] : Music
12-10-2020 13:29:13 [13256] [LOG] : 88
12-10-2020 13:29:13 [13256] [LOG] : 89
12-10-2020 13:29:13 [13256] [LOG] : Musical
12-10-2020 13:29:13 [13256] [LOG] : 91
12-10-2020 13:29:13 [13256] [LOG] : 92
12-10-2020 13:29:13 [13256] [LOG] : Music
12-10-2020 13:29:13 [13256] [LOG] : 94
12-10-2020 13:29:13 [13256] [LOG] : TI
12-10-2020 13:29:13 [13256] [LOG] : Music
12-10-2020 13:29:13 [13256] [LOG] : 97
12-10-2020 13:29:13 [13256] [LOG] : 98
12-10-2020 13:29:13 [13256] [LOG] : Music
12-10-2020 13:29:13 [13256] [LOG] : TI
12-10-2020 13:29:13 [13256] [LOG] : [1,2,Music,4,TI,Music,7,8,Music,TI,11,Music,13,14,Musical,16,17,Music,19,TI,Music,22,23,Music,TI,26,Music,28,29,Musical,31,32,Music,34,TI,Music,37,38,Music,TI,41,Music,43,44,Musical,46,47,Music,49,TI,Music,52,53,Music,TI,56,Music,58,59,Musical,61,62,Music,64,TI,Music,67,68,Music,TI,71,Music,73,74,Musical,76,77,Music,79,TI,Music,82,83,Music,TI,86,Music,88,89,Musical,91,92,Music,94,TI,Music,97,98,Music,TI]
12-10-2020 14:2:2 [3908] [LOG] : 1
12-10-2020 14:2:2 [3908] [LOG] : 2
12-10-2020 14:2:2 [3908] [LOG] : Music
12-10-2020 14:2:2 [3908] [LOG] : 4
12-10-2020 14:2:2 [3908] [LOG] : TI
12-10-2020 14:2:2 [3908] [LOG] : Music
12-10-2020 14:2:2 [3908] [LOG] : 7
12-10-2020 14:2:2 [3908] [LOG] : 8
12-10-2020 14:2:2 [3908] [LOG] : Music
12-10-2020 14:2:2 [3908] [LOG] : TI
12-10-2020 14:2:2 [3908] [LOG] : 11
12-10-2020 14:2:2 [3908] [LOG] : Music
12-10-2020 14:2:2 [3908] [LOG] : 13
12-10-2020 14:2:2 [3908] [LOG] : 14
12-10-2020 14:2:2 [3908] [LOG] : Musical
12-10-2020 14:2:2 [3908] [LOG] : 16
12-10-2020 14:2:2 [3908] [LOG] : 17
12-10-2020 14:2:2 [3908] [LOG] : Music
12-10-2020 14:2:2 [3908] [LOG] : 19
12-10-2020 14:2:2 [3908] [LOG] : TI
12-10-2020 14:2:2 [3908] [LOG] : Music
12-10-2020 14:2:2 [3908] [LOG] : 22
12-10-2020 14:2:2 [3908] [LOG] : 23
12-10-2020 14:2:2 [3908] [LOG] : Music
12-10-2020 14:2:2 [3908] [LOG] : TI
12-10-2020 14:2:2 [3908] [LOG] : 26
12-10-2020 14:2:2 [3908] [LOG] : Music
12-10-2020 14:2:2 [3908] [LOG] : 28
12-10-2020 14:2:2 [3908] [LOG] : 29
12-10-2020 14:2:2 [3908] [LOG] : Musical
12-10-2020 14:2:2 [3908] [LOG] : 31
12-10-2020 14:2:2 [3908] [LOG] : 32
12-10-2020 14:2:2 [3908] [LOG] : Music
12-10-2020 14:2:2 [3908] [LOG] : 34
12-10-2020 14:2:2 [3908] [LOG] : TI
12-10-2020 14:2:2 [3908] [LOG] : Music
12-10-2020 14:2:2 [3908] [LOG] : 37
12-10-2020 14:2:2 [3908] [LOG] : 38
12-10-2020 14:2:2 [3908] [LOG] : Music
12-10-2020 14:2:2 [3908] [LOG] : TI
12-10-2020 14:2:2 [3908] [LOG] : 41
12-10-2020 14:2:2 [3908] [LOG] : Music
12-10-2020 14:2:2 [3908] [LOG] : 43
12-10-2020 14:2:2 [3908] [LOG] : 44
12-10-2020 14:2:2 [3908] [LOG] : Musical
12-10-2020 14:2:2 [3908] [LOG] : 46
12-10-2020 14:2:2 [3908] [LOG] : 47
12-10-2020 14:2:2 [3908] [LOG] : Music
12-10-2020 14:2:2 [3908] [LOG] : 49
12-10-2020 14:2:2 [3908] [LOG] : TI
12-10-2020 14:2:2 [3908] [LOG] : Music
12-10-2020 14:2:2 [3908] [LOG] : 52
12-10-2020 14:2:2 [3908] [LOG] : 53
12-10-2020 14:2:2 [3908] [LOG] : Music
12-10-2020 14:2:2 [3908] [LOG] : TI
12-10-2020 14:2:2 [3908] [LOG] : 56
12-10-2020 14:2:2 [3908] [LOG] : Music
12-10-2020 14:2:2 [3908] [LOG] : 58
12-10-2020 14:2:2 [3908] [LOG] : 59
12-10-2020 14:2:2 [3908] [LOG] : Musical
12-10-2020 14:2:2 [3908] [LOG] : 61
12-10-2020 14:2:2 [3908] [LOG] : 62
12-10-2020 14:2:2 [3908] [LOG] : Music
12-10-2020 14:2:2 [3908] [LOG] : 64
12-10-2020 14:2:2 [3908] [LOG] : TI
12-10-2020 14:2:2 [3908] [LOG] : Music
12-10-2020 14:2:2 [3908] [LOG] : 67
12-10-2020 14:2:2 [3908] [LOG] : 68
12-10-2020 14:2:2 [3908] [LOG] : Music
12-10-2020 14:2:2 [3908] [LOG] : TI
12-10-2020 14:2:2 [3908] [LOG] : 71
12-10-2020 14:2:2 [3908] [LOG] : Music
12-10-2020 14:2:2 [3908] [LOG] : 73
12-10-2020 14:2:2 [3908] [LOG] : 74
12-10-2020 14:2:2 [3908] [LOG] : Musical
12-10-2020 14:2:2 [3908] [LOG] : 76
12-10-2020 14:2:2 [3908] [LOG] : 77
12-10-2020 14:2:2 [3908] [LOG] : Music
12-10-2020 14:2:2 [3908] [LOG] : 79
12-10-2020 14:2:2 [3908] [LOG] : TI
12-10-2020 14:2:2 [3908] [LOG] : Music
12-10-2020 14:2:2 [3908] [LOG] : 82
12-10-2020 14:2:2 [3908] [LOG] : 83
12-10-2020 14:2:2 [3908] [LOG] : Music
12-10-2020 14:2:2 [3908] [LOG] : TI
12-10-2020 14:2:2 [3908] [LOG] : 86
12-10-2020 14:2:2 [3908] [LOG] : Music
12-10-2020 14:2:2 [3908] [LOG] : 88
12-10-2020 14:2:2 [3908] [LOG] : 89
12-10-2020 14:2:2 [3908] [LOG] : Musical
12-10-2020 14:2:2 [3908] [LOG] : 91
12-10-2020 14:2:2 [3908] [LOG] : 92
12-10-2020 14:2:2 [3908] [LOG] : Music
12-10-2020 14:2:2 [3908] [LOG] : 94
12-10-2020 14:2:2 [3908] [LOG] : TI
12-10-2020 14:2:2 [3908] [LOG] : Music
12-10-2020 14:2:2 [3908] [LOG] : 97
12-10-2020 14:2:2 [3908] [LOG] : 98
12-10-2020 14:2:2 [3908] [LOG] : Music
12-10-2020 14:2:2 [3908] [LOG] : TI
12-10-2020 14:2:2 [3908] [LOG] : [1,2,Music,4,TI,Music,7,8,Music,TI,11,Music,13,14,Musical,16,17,Music,19,TI,Music,22,23,Music,TI,26,Music,28,29,Musical,31,32,Music,34,TI,Music,37,38,Music,TI,41,Music,43,44,Musical,46,47,Music,49,TI,Music,52,53,Music,TI,56,Music,58,59,Musical,61,62,Music,64,TI,Music,67,68,Music,TI,71,Music,73,74,Musical,76,77,Music,79,TI,Music,82,83,Music,TI,86,Music,88,89,Musical,91,92,Music,94,TI,Music,97,98,Music,TI]
12-10-2020 14:2:8 [17372] [LOG] : 1
12-10-2020 14:2:8 [17372] [LOG] : 2
12-10-2020 14:2:8 [17372] [LOG] : Music
12-10-2020 14:2:8 [17372] [LOG] : 4
12-10-2020 14:2:8 [17372] [LOG] : TI
12-10-2020 14:2:8 [17372] [LOG] : Music
12-10-2020 14:2:8 [17372] [LOG] : 7
12-10-2020 14:2:8 [17372] [LOG] : 8
12-10-2020 14:2:8 [17372] [LOG] : Music
12-10-2020 14:2:8 [17372] [LOG] : TI
12-10-2020 14:2:8 [17372] [LOG] : 11
12-10-2020 14:2:8 [17372] [LOG] : Music
12-10-2020 14:2:8 [17372] [LOG] : 13
12-10-2020 14:2:8 [17372] [LOG] : 14
12-10-2020 14:2:8 [17372] [LOG] : Musical
12-10-2020 14:2:8 [17372] [LOG] : 16
12-10-2020 14:2:8 [17372] [LOG] : 17
12-10-2020 14:2:8 [17372] [LOG] : Music
12-10-2020 14:2:8 [17372] [LOG] : 19
12-10-2020 14:2:8 [17372] [LOG] : TI
12-10-2020 14:2:8 [17372] [LOG] : Music
12-10-2020 14:2:8 [17372] [LOG] : 22
12-10-2020 14:2:8 [17372] [LOG] : 23
12-10-2020 14:2:8 [17372] [LOG] : Music
12-10-2020 14:2:8 [17372] [LOG] : TI
12-10-2020 14:2:8 [17372] [LOG] : 26
12-10-2020 14:2:8 [17372] [LOG] : Music
12-10-2020 14:2:8 [17372] [LOG] : 28
12-10-2020 14:2:8 [17372] [LOG] : 29
12-10-2020 14:2:8 [17372] [LOG] : Musical
12-10-2020 14:2:8 [17372] [LOG] : 31
12-10-2020 14:2:8 [17372] [LOG] : 32
12-10-2020 14:2:8 [17372] [LOG] : Music
12-10-2020 14:2:8 [17372] [LOG] : 34
12-10-2020 14:2:8 [17372] [LOG] : TI
12-10-2020 14:2:8 [17372] [LOG] : Music
12-10-2020 14:2:8 [17372] [LOG] : 37
12-10-2020 14:2:8 [17372] [LOG] : 38
12-10-2020 14:2:8 [17372] [LOG] : Music
12-10-2020 14:2:8 [17372] [LOG] : TI
12-10-2020 14:2:8 [17372] [LOG] : 41
12-10-2020 14:2:8 [17372] [LOG] : Music
12-10-2020 14:2:8 [17372] [LOG] : 43
12-10-2020 14:2:8 [17372] [LOG] : 44
12-10-2020 14:2:8 [17372] [LOG] : Musical
12-10-2020 14:2:8 [17372] [LOG] : 46
12-10-2020 14:2:8 [17372] [LOG] : 47
12-10-2020 14:2:8 [17372] [LOG] : Music
12-10-2020 14:2:8 [17372] [LOG] : 49
12-10-2020 14:2:8 [17372] [LOG] : TI
12-10-2020 14:2:8 [17372] [LOG] : Music
12-10-2020 14:2:8 [17372] [LOG] : 52
12-10-2020 14:2:8 [17372] [LOG] : 53
12-10-2020 14:2:8 [17372] [LOG] : Music
12-10-2020 14:2:8 [17372] [LOG] : TI
12-10-2020 14:2:8 [17372] [LOG] : 56
12-10-2020 14:2:8 [17372] [LOG] : Music
12-10-2020 14:2:8 [17372] [LOG] : 58
12-10-2020 14:2:8 [17372] [LOG] : 59
12-10-2020 14:2:8 [17372] [LOG] : Musical
12-10-2020 14:2:8 [17372] [LOG] : 61
12-10-2020 14:2:8 [17372] [LOG] : 62
12-10-2020 14:2:8 [17372] [LOG] : Music
12-10-2020 14:2:8 [17372] [LOG] : 64
12-10-2020 14:2:8 [17372] [LOG] : TI
12-10-2020 14:2:8 [17372] [LOG] : Music
12-10-2020 14:2:8 [17372] [LOG] : 67
12-10-2020 14:2:8 [17372] [LOG] : 68
12-10-2020 14:2:8 [17372] [LOG] : Music
12-10-2020 14:2:8 [17372] [LOG] : TI
12-10-2020 14:2:8 [17372] [LOG] : 71
12-10-2020 14:2:8 [17372] [LOG] : Music
12-10-2020 14:2:8 [17372] [LOG] : 73
12-10-2020 14:2:8 [17372] [LOG] : 74
12-10-2020 14:2:8 [17372] [LOG] : Musical
12-10-2020 14:2:8 [17372] [LOG] : 76
12-10-2020 14:2:8 [17372] [LOG] : 77
12-10-2020 14:2:8 [17372] [LOG] : Music
12-10-2020 14:2:8 [17372] [LOG] : 79
12-10-2020 14:2:8 [17372] [LOG] : TI
12-10-2020 14:2:8 [17372] [LOG] : Music
12-10-2020 14:2:8 [17372] [LOG] : 82
12-10-2020 14:2:8 [17372] [LOG] : 83
12-10-2020 14:2:8 [17372] [LOG] : Music
12-10-2020 14:2:8 [17372] [LOG] : TI
12-10-2020 14:2:8 [17372] [LOG] : 86
12-10-2020 14:2:8 [17372] [LOG] : Music
12-10-2020 14:2:8 [17372] [LOG] : 88
12-10-2020 14:2:8 [17372] [LOG] : 89
12-10-2020 14:2:8 [17372] [LOG] : Musical
12-10-2020 14:2:8 [17372] [LOG] : 91
12-10-2020 14:2:8 [17372] [LOG] : 92
12-10-2020 14:2:8 [17372] [LOG] : Music
12-10-2020 14:2:8 [17372] [LOG] : 94
12-10-2020 14:2:8 [17372] [LOG] : TI
12-10-2020 14:2:8 [17372] [LOG] : Music
12-10-2020 14:2:8 [17372] [LOG] : 97
12-10-2020 14:2:8 [17372] [LOG] : 98
12-10-2020 14:2:8 [17372] [LOG] : Music
12-10-2020 14:2:8 [17372] [LOG] : TI
12-10-2020 14:2:8 [17372] [LOG] : [1,2,Music,4,TI,Music,7,8,Music,TI,11,Music,13,14,Musical,16,17,Music,19,TI,Music,22,23,Music,TI,26,Music,28,29,Musical,31,32,Music,34,TI,Music,37,38,Music,TI,41,Music,43,44,Musical,46,47,Music,49,TI,Music,52,53,Music,TI,56,Music,58,59,Musical,61,62,Music,64,TI,Music,67,68,Music,TI,71,Music,73,74,Musical,76,77,Music,79,TI,Music,82,83,Music,TI,86,Music,88,89,Musical,91,92,Music,94,TI,Music,97,98,Music,TI]
12-10-2020 14:2:13 [15932] [LOG] : 1
12-10-2020 14:2:13 [15932] [LOG] : 2
12-10-2020 14:2:13 [15932] [LOG] : Music
12-10-2020 14:2:13 [15932] [LOG] : 4
12-10-2020 14:2:13 [15932] [LOG] : TI
12-10-2020 14:2:13 [15932] [LOG] : Music
12-10-2020 14:2:13 [15932] [LOG] : 7
12-10-2020 14:2:13 [15932] [LOG] : 8
12-10-2020 14:2:13 [15932] [LOG] : Music
12-10-2020 14:2:13 [15932] [LOG] : TI
12-10-2020 14:2:13 [15932] [LOG] : 11
12-10-2020 14:2:13 [15932] [LOG] : Music
12-10-2020 14:2:13 [15932] [LOG] : 13
12-10-2020 14:2:13 [15932] [LOG] : 14
12-10-2020 14:2:13 [15932] [LOG] : Musical
12-10-2020 14:2:13 [15932] [LOG] : 16
12-10-2020 14:2:13 [15932] [LOG] : 17
12-10-2020 14:2:13 [15932] [LOG] : Music
12-10-2020 14:2:13 [15932] [LOG] : 19
12-10-2020 14:2:13 [15932] [LOG] : TI
12-10-2020 14:2:13 [15932] [LOG] : Music
12-10-2020 14:2:13 [15932] [LOG] : 22
12-10-2020 14:2:13 [15932] [LOG] : 23
12-10-2020 14:2:13 [15932] [LOG] : Music
12-10-2020 14:2:13 [15932] [LOG] : TI
12-10-2020 14:2:13 [15932] [LOG] : 26
12-10-2020 14:2:13 [15932] [LOG] : Music
12-10-2020 14:2:13 [15932] [LOG] : 28
12-10-2020 14:2:13 [15932] [LOG] : 29
12-10-2020 14:2:13 [15932] [LOG] : Musical
12-10-2020 14:2:13 [15932] [LOG] : 31
12-10-2020 14:2:13 [15932] [LOG] : 32
12-10-2020 14:2:13 [15932] [LOG] : Music
12-10-2020 14:2:13 [15932] [LOG] : 34
12-10-2020 14:2:13 [15932] [LOG] : TI
12-10-2020 14:2:13 [15932] [LOG] : Music
12-10-2020 14:2:13 [15932] [LOG] : 37
12-10-2020 14:2:13 [15932] [LOG] : 38
12-10-2020 14:2:13 [15932] [LOG] : Music
12-10-2020 14:2:13 [15932] [LOG] : TI
12-10-2020 14:2:13 [15932] [LOG] : 41
12-10-2020 14:2:13 [15932] [LOG] : Music
12-10-2020 14:2:13 [15932] [LOG] : 43
12-10-2020 14:2:13 [15932] [LOG] : 44
12-10-2020 14:2:13 [15932] [LOG] : Musical
12-10-2020 14:2:13 [15932] [LOG] : 46
12-10-2020 14:2:13 [15932] [LOG] : 47
12-10-2020 14:2:13 [15932] [LOG] : Music
12-10-2020 14:2:13 [15932] [LOG] : 49
12-10-2020 14:2:13 [15932] [LOG] : TI
12-10-2020 14:2:13 [15932] [LOG] : Music
12-10-2020 14:2:13 [15932] [LOG] : 52
12-10-2020 14:2:13 [15932] [LOG] : 53
12-10-2020 14:2:13 [15932] [LOG] : Music
12-10-2020 14:2:13 [15932] [LOG] : TI
12-10-2020 14:2:13 [15932] [LOG] : 56
12-10-2020 14:2:13 [15932] [LOG] : Music
12-10-2020 14:2:13 [15932] [LOG] : 58
12-10-2020 14:2:13 [15932] [LOG] : 59
12-10-2020 14:2:13 [15932] [LOG] : Musical
12-10-2020 14:2:13 [15932] [LOG] : 61
12-10-2020 14:2:13 [15932] [LOG] : 62
12-10-2020 14:2:13 [15932] [LOG] : Music
12-10-2020 14:2:13 [15932] [LOG] : 64
12-10-2020 14:2:13 [15932] [LOG] : TI
12-10-2020 14:2:13 [15932] [LOG] : Music
12-10-2020 14:2:13 [15932] [LOG] : 67
12-10-2020 14:2:13 [15932] [LOG] : 68
12-10-2020 14:2:13 [15932] [LOG] : Music
12-10-2020 14:2:13 [15932] [LOG] : TI
12-10-2020 14:2:13 [15932] [LOG] : 71
12-10-2020 14:2:13 [15932] [LOG] : Music
12-10-2020 14:2:13 [15932] [LOG] : 73
12-10-2020 14:2:13 [15932] [LOG] : 74
12-10-2020 14:2:13 [15932] [LOG] : Musical
12-10-2020 14:2:13 [15932] [LOG] : 76
12-10-2020 14:2:13 [15932] [LOG] : 77
12-10-2020 14:2:13 [15932] [LOG] : Music
12-10-2020 14:2:13 [15932] [LOG] : 79
12-10-2020 14:2:13 [15932] [LOG] : TI
12-10-2020 14:2:13 [15932] [LOG] : Music
12-10-2020 14:2:13 [15932] [LOG] : 82
12-10-2020 14:2:13 [15932] [LOG] : 83
12-10-2020 14:2:13 [15932] [LOG] : Music
12-10-2020 14:2:13 [15932] [LOG] : TI
12-10-2020 14:2:13 [15932] [LOG] : 86
12-10-2020 14:2:13 [15932] [LOG] : Music
12-10-2020 14:2:13 [15932] [LOG] : 88
12-10-2020 14:2:13 [15932] [LOG] : 89
12-10-2020 14:2:13 [15932] [LOG] : Musical
12-10-2020 14:2:13 [15932] [LOG] : 91
12-10-2020 14:2:13 [15932] [LOG] : 92
12-10-2020 14:2:13 [15932] [LOG] : Music
12-10-2020 14:2:13 [15932] [LOG] : 94
12-10-2020 14:2:13 [15932] [LOG] : TI
12-10-2020 14:2:13 [15932] [LOG] : Music
12-10-2020 14:2:13 [15932] [LOG] : 97
12-10-2020 14:2:13 [15932] [LOG] : 98
12-10-2020 14:2:13 [15932] [LOG] : Music
12-10-2020 14:2:13 [15932] [LOG] : TI
12-10-2020 14:2:13 [15932] [LOG] : [1,2,Music,4,TI,Music,7,8,Music,TI,11,Music,13,14,Musical,16,17,Music,19,TI,Music,22,23,Music,TI,26,Music,28,29,Musical,31,32,Music,34,TI,Music,37,38,Music,TI,41,Music,43,44,Musical,46,47,Music,49,TI,Music,52,53,Music,TI,56,Music,58,59,Musical,61,62,Music,64,TI,Music,67,68,Music,TI,71,Music,73,74,Musical,76,77,Music,79,TI,Music,82,83,Music,TI,86,Music,88,89,Musical,91,92,Music,94,TI,Music,97,98,Music,TI]
12-10-2020 14:2:17 [2636] [LOG] : 1
12-10-2020 14:2:17 [2636] [LOG] : 2
12-10-2020 14:2:17 [2636] [LOG] : Music
12-10-2020 14:2:17 [2636] [LOG] : 4
12-10-2020 14:2:17 [2636] [LOG] : TI
12-10-2020 14:2:17 [2636] [LOG] : Music
12-10-2020 14:2:17 [2636] [LOG] : 7
12-10-2020 14:2:17 [2636] [LOG] : 8
12-10-2020 14:2:17 [2636] [LOG] : Music
12-10-2020 14:2:17 [2636] [LOG] : TI
12-10-2020 14:2:17 [2636] [LOG] : 11
12-10-2020 14:2:17 [2636] [LOG] : Music
12-10-2020 14:2:17 [2636] [LOG] : 13
12-10-2020 14:2:17 [2636] [LOG] : 14
12-10-2020 14:2:17 [2636] [LOG] : Musical
12-10-2020 14:2:17 [2636] [LOG] : 16
12-10-2020 14:2:17 [2636] [LOG] : 17
12-10-2020 14:2:17 [2636] [LOG] : Music
12-10-2020 14:2:17 [2636] [LOG] : 19
12-10-2020 14:2:17 [2636] [LOG] : TI
12-10-2020 14:2:17 [2636] [LOG] : Music
12-10-2020 14:2:17 [2636] [LOG] : 22
12-10-2020 14:2:17 [2636] [LOG] : 23
12-10-2020 14:2:17 [2636] [LOG] : Music
12-10-2020 14:2:17 [2636] [LOG] : TI
12-10-2020 14:2:17 [2636] [LOG] : 26
12-10-2020 14:2:17 [2636] [LOG] : Music
12-10-2020 14:2:17 [2636] [LOG] : 28
12-10-2020 14:2:17 [2636] [LOG] : 29
12-10-2020 14:2:17 [2636] [LOG] : Musical
12-10-2020 14:2:17 [2636] [LOG] : 31
12-10-2020 14:2:17 [2636] [LOG] : 32
12-10-2020 14:2:17 [2636] [LOG] : Music
12-10-2020 14:2:17 [2636] [LOG] : 34
12-10-2020 14:2:17 [2636] [LOG] : TI
12-10-2020 14:2:17 [2636] [LOG] : Music
12-10-2020 14:2:17 [2636] [LOG] : 37
12-10-2020 14:2:17 [2636] [LOG] : 38
12-10-2020 14:2:17 [2636] [LOG] : Music
12-10-2020 14:2:17 [2636] [LOG] : TI
12-10-2020 14:2:17 [2636] [LOG] : 41
12-10-2020 14:2:17 [2636] [LOG] : Music
12-10-2020 14:2:17 [2636] [LOG] : 43
12-10-2020 14:2:17 [2636] [LOG] : 44
12-10-2020 14:2:17 [2636] [LOG] : Musical
12-10-2020 14:2:17 [2636] [LOG] : 46
12-10-2020 14:2:17 [2636] [LOG] : 47
12-10-2020 14:2:17 [2636] [LOG] : Music
12-10-2020 14:2:17 [2636] [LOG] : 49
12-10-2020 14:2:17 [2636] [LOG] : TI
12-10-2020 14:2:17 [2636] [LOG] : Music
12-10-2020 14:2:17 [2636] [LOG] : 52
12-10-2020 14:2:17 [2636] [LOG] : 53
12-10-2020 14:2:17 [2636] [LOG] : Music
12-10-2020 14:2:17 [2636] [LOG] : TI
12-10-2020 14:2:17 [2636] [LOG] : 56
12-10-2020 14:2:17 [2636] [LOG] : Music
12-10-2020 14:2:17 [2636] [LOG] : 58
12-10-2020 14:2:17 [2636] [LOG] : 59
12-10-2020 14:2:17 [2636] [LOG] : Musical
12-10-2020 14:2:17 [2636] [LOG] : 61
12-10-2020 14:2:17 [2636] [LOG] : 62
12-10-2020 14:2:17 [2636] [LOG] : Music
12-10-2020 14:2:17 [2636] [LOG] : 64
12-10-2020 14:2:17 [2636] [LOG] : TI
12-10-2020 14:2:17 [2636] [LOG] : Music
12-10-2020 14:2:17 [2636] [LOG] : 67
12-10-2020 14:2:17 [2636] [LOG] : 68
12-10-2020 14:2:17 [2636] [LOG] : Music
12-10-2020 14:2:17 [2636] [LOG] : TI
12-10-2020 14:2:17 [2636] [LOG] : 71
12-10-2020 14:2:17 [2636] [LOG] : Music
12-10-2020 14:2:17 [2636] [LOG] : 73
12-10-2020 14:2:17 [2636] [LOG] : 74
12-10-2020 14:2:17 [2636] [LOG] : Musical
12-10-2020 14:2:17 [2636] [LOG] : 76
12-10-2020 14:2:17 [2636] [LOG] : 77
12-10-2020 14:2:17 [2636] [LOG] : Music
12-10-2020 14:2:17 [2636] [LOG] : 79
12-10-2020 14:2:17 [2636] [LOG] : TI
12-10-2020 14:2:17 [2636] [LOG] : Music
12-10-2020 14:2:17 [2636] [LOG] : 82
12-10-2020 14:2:17 [2636] [LOG] : 83
12-10-2020 14:2:17 [2636] [LOG] : Music
12-10-2020 14:2:17 [2636] [LOG] : TI
12-10-2020 14:2:17 [2636] [LOG] : 86
12-10-2020 14:2:17 [2636] [LOG] : Music
12-10-2020 14:2:17 [2636] [LOG] : 88
12-10-2020 14:2:17 [2636] [LOG] : 89
12-10-2020 14:2:17 [2636] [LOG] : Musical
12-10-2020 14:2:17 [2636] [LOG] : 91
12-10-2020 14:2:17 [2636] [LOG] : 92
12-10-2020 14:2:17 [2636] [LOG] : Music
12-10-2020 14:2:17 [2636] [LOG] : 94
12-10-2020 14:2:17 [2636] [LOG] : TI
12-10-2020 14:2:17 [2636] [LOG] : Music
12-10-2020 14:2:17 [2636] [LOG] : 97
12-10-2020 14:2:17 [2636] [LOG] : 98
12-10-2020 14:2:17 [2636] [LOG] : Music
12-10-2020 14:2:17 [2636] [LOG] : TI
12-10-2020 14:2:17 [2636] [LOG] : [1,2,Music,4,TI,Music,7,8,Music,TI,11,Music,13,14,Musical,16,17,Music,19,TI,Music,22,23,Music,TI,26,Music,28,29,Musical,31,32,Music,34,TI,Music,37,38,Music,TI,41,Music,43,44,Musical,46,47,Music,49,TI,Music,52,53,Music,TI,56,Music,58,59,Musical,61,62,Music,64,TI,Music,67,68,Music,TI,71,Music,73,74,Musical,76,77,Music,79,TI,Music,82,83,Music,TI,86,Music,88,89,Musical,91,92,Music,94,TI,Music,97,98,Music,TI]
12-10-2020 14:2:18 [3040] [LOG] : 1
12-10-2020 14:2:18 [3040] [LOG] : 2
12-10-2020 14:2:18 [3040] [LOG] : Music
12-10-2020 14:2:18 [3040] [LOG] : 4
12-10-2020 14:2:18 [3040] [LOG] : TI
12-10-2020 14:2:18 [3040] [LOG] : Music
12-10-2020 14:2:18 [3040] [LOG] : 7
12-10-2020 14:2:18 [3040] [LOG] : 8
12-10-2020 14:2:18 [3040] [LOG] : Music
12-10-2020 14:2:18 [3040] [LOG] : TI
12-10-2020 14:2:18 [3040] [LOG] : 11
12-10-2020 14:2:18 [3040] [LOG] : Music
12-10-2020 14:2:18 [3040] [LOG] : 13
12-10-2020 14:2:18 [3040] [LOG] : 14
12-10-2020 14:2:18 [3040] [LOG] : Musical
12-10-2020 14:2:18 [3040] [LOG] : 16
12-10-2020 14:2:18 [3040] [LOG] : 17
12-10-2020 14:2:18 [3040] [LOG] : Music
12-10-2020 14:2:18 [3040] [LOG] : 19
12-10-2020 14:2:18 [3040] [LOG] : TI
12-10-2020 14:2:18 [3040] [LOG] : Music
12-10-2020 14:2:18 [3040] [LOG] : 22
12-10-2020 14:2:18 [3040] [LOG] : 23
12-10-2020 14:2:18 [3040] [LOG] : Music
12-10-2020 14:2:18 [3040] [LOG] : TI
12-10-2020 14:2:18 [3040] [LOG] : 26
12-10-2020 14:2:18 [3040] [LOG] : Music
12-10-2020 14:2:18 [3040] [LOG] : 28
12-10-2020 14:2:18 [3040] [LOG] : 29
12-10-2020 14:2:18 [3040] [LOG] : Musical
12-10-2020 14:2:18 [3040] [LOG] : 31
12-10-2020 14:2:18 [3040] [LOG] : 32
12-10-2020 14:2:18 [3040] [LOG] : Music
12-10-2020 14:2:18 [3040] [LOG] : 34
12-10-2020 14:2:18 [3040] [LOG] : TI
12-10-2020 14:2:18 [3040] [LOG] : Music
12-10-2020 14:2:18 [3040] [LOG] : 37
12-10-2020 14:2:18 [3040] [LOG] : 38
12-10-2020 14:2:18 [3040] [LOG] : Music
12-10-2020 14:2:18 [3040] [LOG] : TI
12-10-2020 14:2:18 [3040] [LOG] : 41
12-10-2020 14:2:18 [3040] [LOG] : Music
12-10-2020 14:2:18 [3040] [LOG] : 43
12-10-2020 14:2:18 [3040] [LOG] : 44
12-10-2020 14:2:18 [3040] [LOG] : Musical
12-10-2020 14:2:18 [3040] [LOG] : 46
12-10-2020 14:2:18 [3040] [LOG] : 47
12-10-2020 14:2:18 [3040] [LOG] : Music
12-10-2020 14:2:18 [3040] [LOG] : 49
12-10-2020 14:2:18 [3040] [LOG] : TI
12-10-2020 14:2:18 [3040] [LOG] : Music
12-10-2020 14:2:18 [3040] [LOG] : 52
12-10-2020 14:2:18 [3040] [LOG] : 53
12-10-2020 14:2:18 [3040] [LOG] : Music
12-10-2020 14:2:18 [3040] [LOG] : TI
12-10-2020 14:2:18 [3040] [LOG] : 56
12-10-2020 14:2:18 [3040] [LOG] : Music
12-10-2020 14:2:18 [3040] [LOG] : 58
12-10-2020 14:2:18 [3040] [LOG] : 59
12-10-2020 14:2:18 [3040] [LOG] : Musical
12-10-2020 14:2:18 [3040] [LOG] : 61
12-10-2020 14:2:18 [3040] [LOG] : 62
12-10-2020 14:2:18 [3040] [LOG] : Music
12-10-2020 14:2:18 [3040] [LOG] : 64
12-10-2020 14:2:18 [3040] [LOG] : TI
12-10-2020 14:2:18 [3040] [LOG] : Music
12-10-2020 14:2:18 [3040] [LOG] : 67
12-10-2020 14:2:18 [3040] [LOG] : 68
12-10-2020 14:2:18 [3040] [LOG] : Music
12-10-2020 14:2:18 [3040] [LOG] : TI
12-10-2020 14:2:18 [3040] [LOG] : 71
12-10-2020 14:2:18 [3040] [LOG] : Music
12-10-2020 14:2:18 [3040] [LOG] : 73
12-10-2020 14:2:18 [3040] [LOG] : 74
12-10-2020 14:2:18 [3040] [LOG] : Musical
12-10-2020 14:2:18 [3040] [LOG] : 76
12-10-2020 14:2:18 [3040] [LOG] : 77
12-10-2020 14:2:18 [3040] [LOG] : Music
12-10-2020 14:2:18 [3040] [LOG] : 79
12-10-2020 14:2:18 [3040] [LOG] : TI
12-10-2020 14:2:18 [3040] [LOG] : Music
12-10-2020 14:2:18 [3040] [LOG] : 82
12-10-2020 14:2:18 [3040] [LOG] : 83
12-10-2020 14:2:18 [3040] [LOG] : Music
12-10-2020 14:2:18 [3040] [LOG] : TI
12-10-2020 14:2:18 [3040] [LOG] : 86
12-10-2020 14:2:18 [3040] [LOG] : Music
12-10-2020 14:2:18 [3040] [LOG] : 88
12-10-2020 14:2:18 [3040] [LOG] : 89
12-10-2020 14:2:18 [3040] [LOG] : Musical
12-10-2020 14:2:18 [3040] [LOG] : 91
12-10-2020 14:2:18 [3040] [LOG] : 92
12-10-2020 14:2:18 [3040] [LOG] : Music
12-10-2020 14:2:18 [3040] [LOG] : 94
12-10-2020 14:2:18 [3040] [LOG] : TI
12-10-2020 14:2:18 [3040] [LOG] : Music
12-10-2020 14:2:18 [3040] [LOG] : 97
12-10-2020 14:2:18 [3040] [LOG] : 98
12-10-2020 14:2:18 [3040] [LOG] : Music
12-10-2020 14:2:18 [3040] [LOG] : TI
12-10-2020 14:2:18 [3040] [LOG] : [1,2,Music,4,TI,Music,7,8,Music,TI,11,Music,13,14,Musical,16,17,Music,19,TI,Music,22,23,Music,TI,26,Music,28,29,Musical,31,32,Music,34,TI,Music,37,38,Music,TI,41,Music,43,44,Musical,46,47,Music,49,TI,Music,52,53,Music,TI,56,Music,58,59,Musical,61,62,Music,64,TI,Music,67,68,Music,TI,71,Music,73,74,Musical,76,77,Music,79,TI,Music,82,83,Music,TI,86,Music,88,89,Musical,91,92,Music,94,TI,Music,97,98,Music,TI]
12-10-2020 14:2:22 [1420] [LOG] : 1
12-10-2020 14:2:22 [1420] [LOG] : 2
12-10-2020 14:2:22 [1420] [LOG] : Music
12-10-2020 14:2:22 [1420] [LOG] : 4
12-10-2020 14:2:22 [1420] [LOG] : TI
12-10-2020 14:2:22 [1420] [LOG] : Music
12-10-2020 14:2:22 [1420] [LOG] : 7
12-10-2020 14:2:22 [1420] [LOG] : 8
12-10-2020 14:2:22 [1420] [LOG] : Music
12-10-2020 14:2:22 [1420] [LOG] : TI
12-10-2020 14:2:22 [1420] [LOG] : 11
12-10-2020 14:2:22 [1420] [LOG] : Music
12-10-2020 14:2:22 [1420] [LOG] : 13
12-10-2020 14:2:22 [1420] [LOG] : 14
12-10-2020 14:2:22 [1420] [LOG] : Musical
12-10-2020 14:2:22 [1420] [LOG] : 16
12-10-2020 14:2:22 [1420] [LOG] : 17
12-10-2020 14:2:22 [1420] [LOG] : Music
12-10-2020 14:2:22 [1420] [LOG] : 19
12-10-2020 14:2:22 [1420] [LOG] : TI
12-10-2020 14:2:22 [1420] [LOG] : Music
12-10-2020 14:2:22 [1420] [LOG] : 22
12-10-2020 14:2:22 [1420] [LOG] : 23
12-10-2020 14:2:22 [1420] [LOG] : Music
12-10-2020 14:2:22 [1420] [LOG] : TI
12-10-2020 14:2:22 [1420] [LOG] : 26
12-10-2020 14:2:22 [1420] [LOG] : Music
12-10-2020 14:2:22 [1420] [LOG] : 28
12-10-2020 14:2:22 [1420] [LOG] : 29
12-10-2020 14:2:22 [1420] [LOG] : Musical
12-10-2020 14:2:22 [1420] [LOG] : 31
12-10-2020 14:2:22 [1420] [LOG] : 32
12-10-2020 14:2:22 [1420] [LOG] : Music
12-10-2020 14:2:22 [1420] [LOG] : 34
12-10-2020 14:2:22 [1420] [LOG] : TI
12-10-2020 14:2:22 [1420] [LOG] : Music
12-10-2020 14:2:22 [1420] [LOG] : 37
12-10-2020 14:2:22 [1420] [LOG] : 38
12-10-2020 14:2:22 [1420] [LOG] : Music
12-10-2020 14:2:22 [1420] [LOG] : TI
12-10-2020 14:2:22 [1420] [LOG] : 41
12-10-2020 14:2:22 [1420] [LOG] : Music
12-10-2020 14:2:22 [1420] [LOG] : 43
12-10-2020 14:2:22 [1420] [LOG] : 44
12-10-2020 14:2:22 [1420] [LOG] : Musical
12-10-2020 14:2:22 [1420] [LOG] : 46
12-10-2020 14:2:22 [1420] [LOG] : 47
12-10-2020 14:2:22 [1420] [LOG] : Music
12-10-2020 14:2:22 [1420] [LOG] : 49
12-10-2020 14:2:22 [1420] [LOG] : TI
12-10-2020 14:2:22 [1420] [LOG] : Music
12-10-2020 14:2:22 [1420] [LOG] : 52
12-10-2020 14:2:22 [1420] [LOG] : 53
12-10-2020 14:2:22 [1420] [LOG] : Music
12-10-2020 14:2:22 [1420] [LOG] : TI
12-10-2020 14:2:22 [1420] [LOG] : 56
12-10-2020 14:2:22 [1420] [LOG] : Music
12-10-2020 14:2:22 [1420] [LOG] : 58
12-10-2020 14:2:22 [1420] [LOG] : 59
12-10-2020 14:2:22 [1420] [LOG] : Musical
12-10-2020 14:2:22 [1420] [LOG] : 61
12-10-2020 14:2:22 [1420] [LOG] : 62
12-10-2020 14:2:22 [1420] [LOG] : Music
12-10-2020 14:2:22 [1420] [LOG] : 64
12-10-2020 14:2:22 [1420] [LOG] : TI
12-10-2020 14:2:22 [1420] [LOG] : Music
12-10-2020 14:2:22 [1420] [LOG] : 67
12-10-2020 14:2:22 [1420] [LOG] : 68
12-10-2020 14:2:22 [1420] [LOG] : Music
12-10-2020 14:2:22 [1420] [LOG] : TI
12-10-2020 14:2:22 [1420] [LOG] : 71
12-10-2020 14:2:22 [1420] [LOG] : Music
12-10-2020 14:2:22 [1420] [LOG] : 73
12-10-2020 14:2:22 [1420] [LOG] : 74
12-10-2020 14:2:22 [1420] [LOG] : Musical
12-10-2020 14:2:22 [1420] [LOG] : 76
12-10-2020 14:2:22 [1420] [LOG] : 77
12-10-2020 14:2:22 [1420] [LOG] : Music
12-10-2020 14:2:22 [1420] [LOG] : 79
12-10-2020 14:2:22 [1420] [LOG] : TI
12-10-2020 14:2:22 [1420] [LOG] : Music
12-10-2020 14:2:22 [1420] [LOG] : 82
12-10-2020 14:2:22 [1420] [LOG] : 83
12-10-2020 14:2:22 [1420] [LOG] : Music
12-10-2020 14:2:22 [1420] [LOG] : TI
12-10-2020 14:2:22 [1420] [LOG] : 86
12-10-2020 14:2:22 [1420] [LOG] : Music
12-10-2020 14:2:22 [1420] [LOG] : 88
12-10-2020 14:2:22 [1420] [LOG] : 89
12-10-2020 14:2:22 [1420] [LOG] : Musical
12-10-2020 14:2:22 [1420] [LOG] : 91
12-10-2020 14:2:22 [1420] [LOG] : 92
12-10-2020 14:2:22 [1420] [LOG] : Music
12-10-2020 14:2:22 [1420] [LOG] : 94
12-10-2020 14:2:22 [1420] [LOG] : TI
12-10-2020 14:2:22 [1420] [LOG] : Music
12-10-2020 14:2:22 [1420] [LOG] : 97
12-10-2020 14:2:22 [1420] [LOG] : 98
12-10-2020 14:2:22 [1420] [LOG] : Music
12-10-2020 14:2:22 [1420] [LOG] : TI
12-10-2020 14:2:22 [1420] [LOG] : [1,2,Music,4,TI,Music,7,8,Music,TI,11,Music,13,14,Musical,16,17,Music,19,TI,Music,22,23,Music,TI,26,Music,28,29,Musical,31,32,Music,34,TI,Music,37,38,Music,TI,41,Music,43,44,Musical,46,47,Music,49,TI,Music,52,53,Music,TI,56,Music,58,59,Musical,61,62,Music,64,TI,Music,67,68,Music,TI,71,Music,73,74,Musical,76,77,Music,79,TI,Music,82,83,Music,TI,86,Music,88,89,Musical,91,92,Music,94,TI,Music,97,98,Music,TI]
12-10-2020 14:2:32 [13632] [LOG] : 1
12-10-2020 14:2:32 [13632] [LOG] : 2
12-10-2020 14:2:32 [13632] [LOG] : Music
12-10-2020 14:2:32 [13632] [LOG] : 4
12-10-2020 14:2:32 [13632] [LOG] : TI
12-10-2020 14:2:32 [13632] [LOG] : Music
12-10-2020 14:2:32 [13632] [LOG] : 7
12-10-2020 14:2:32 [13632] [LOG] : 8
12-10-2020 14:2:32 [13632] [LOG] : Music
12-10-2020 14:2:32 [13632] [LOG] : TI
12-10-2020 14:2:32 [13632] [LOG] : 11
12-10-2020 14:2:32 [13632] [LOG] : Music
12-10-2020 14:2:32 [13632] [LOG] : 13
12-10-2020 14:2:32 [13632] [LOG] : 14
12-10-2020 14:2:32 [13632] [LOG] : Musical
12-10-2020 14:2:32 [13632] [LOG] : 16
12-10-2020 14:2:32 [13632] [LOG] : 17
12-10-2020 14:2:32 [13632] [LOG] : Music
12-10-2020 14:2:32 [13632] [LOG] : 19
12-10-2020 14:2:32 [13632] [LOG] : TI
12-10-2020 14:2:32 [13632] [LOG] : Music
12-10-2020 14:2:32 [13632] [LOG] : 22
12-10-2020 14:2:32 [13632] [LOG] : 23
12-10-2020 14:2:32 [13632] [LOG] : Music
12-10-2020 14:2:32 [13632] [LOG] : TI
12-10-2020 14:2:32 [13632] [LOG] : 26
12-10-2020 14:2:32 [13632] [LOG] : Music
12-10-2020 14:2:32 [13632] [LOG] : 28
12-10-2020 14:2:32 [13632] [LOG] : 29
12-10-2020 14:2:32 [13632] [LOG] : Musical
12-10-2020 14:2:32 [13632] [LOG] : 31
12-10-2020 14:2:32 [13632] [LOG] : 32
12-10-2020 14:2:32 [13632] [LOG] : Music
12-10-2020 14:2:32 [13632] [LOG] : 34
12-10-2020 14:2:32 [13632] [LOG] : TI
12-10-2020 14:2:32 [13632] [LOG] : Music
12-10-2020 14:2:32 [13632] [LOG] : 37
12-10-2020 14:2:32 [13632] [LOG] : 38
12-10-2020 14:2:32 [13632] [LOG] : Music
12-10-2020 14:2:32 [13632] [LOG] : TI
12-10-2020 14:2:32 [13632] [LOG] : 41
12-10-2020 14:2:32 [13632] [LOG] : Music
12-10-2020 14:2:32 [13632] [LOG] : 43
12-10-2020 14:2:32 [13632] [LOG] : 44
12-10-2020 14:2:32 [13632] [LOG] : Musical
12-10-2020 14:2:32 [13632] [LOG] : 46
12-10-2020 14:2:32 [13632] [LOG] : 47
12-10-2020 14:2:32 [13632] [LOG] : Music
12-10-2020 14:2:32 [13632] [LOG] : 49
12-10-2020 14:2:32 [13632] [LOG] : TI
12-10-2020 14:2:32 [13632] [LOG] : Music
12-10-2020 14:2:32 [13632] [LOG] : 52
12-10-2020 14:2:32 [13632] [LOG] : 53
12-10-2020 14:2:32 [13632] [LOG] : Music
12-10-2020 14:2:32 [13632] [LOG] : TI
12-10-2020 14:2:32 [13632] [LOG] : 56
12-10-2020 14:2:32 [13632] [LOG] : Music
12-10-2020 14:2:32 [13632] [LOG] : 58
12-10-2020 14:2:32 [13632] [LOG] : 59
12-10-2020 14:2:32 [13632] [LOG] : Musical
12-10-2020 14:2:32 [13632] [LOG] : 61
12-10-2020 14:2:32 [13632] [LOG] : 62
12-10-2020 14:2:32 [13632] [LOG] : Music
12-10-2020 14:2:32 [13632] [LOG] : 64
12-10-2020 14:2:32 [13632] [LOG] : TI
12-10-2020 14:2:32 [13632] [LOG] : Music
12-10-2020 14:2:32 [13632] [LOG] : 67
12-10-2020 14:2:32 [13632] [LOG] : 68
12-10-2020 14:2:32 [13632] [LOG] : Music
12-10-2020 14:2:32 [13632] [LOG] : TI
12-10-2020 14:2:32 [13632] [LOG] : 71
12-10-2020 14:2:32 [13632] [LOG] : Music
12-10-2020 14:2:32 [13632] [LOG] : 73
12-10-2020 14:2:32 [13632] [LOG] : 74
12-10-2020 14:2:32 [13632] [LOG] : Musical
12-10-2020 14:2:32 [13632] [LOG] : 76
12-10-2020 14:2:32 [13632] [LOG] : 77
12-10-2020 14:2:32 [13632] [LOG] : Music
12-10-2020 14:2:32 [13632] [LOG] : 79
12-10-2020 14:2:32 [13632] [LOG] : TI
12-10-2020 14:2:32 [13632] [LOG] : Music
12-10-2020 14:2:32 [13632] [LOG] : 82
12-10-2020 14:2:32 [13632] [LOG] : 83
12-10-2020 14:2:32 [13632] [LOG] : Music
12-10-2020 14:2:32 [13632] [LOG] : TI
12-10-2020 14:2:32 [13632] [LOG] : 86
12-10-2020 14:2:32 [13632] [LOG] : Music
12-10-2020 14:2:32 [13632] [LOG] : 88
12-10-2020 14:2:32 [13632] [LOG] : 89
12-10-2020 14:2:32 [13632] [LOG] : Musical
12-10-2020 14:2:32 [13632] [LOG] : 91
12-10-2020 14:2:32 [13632] [LOG] : 92
12-10-2020 14:2:32 [13632] [LOG] : Music
12-10-2020 14:2:32 [13632] [LOG] : 94
12-10-2020 14:2:32 [13632] [LOG] : TI
12-10-2020 14:2:32 [13632] [LOG] : Music
12-10-2020 14:2:32 [13632] [LOG] : 97
12-10-2020 14:2:32 [13632] [LOG] : 98
12-10-2020 14:2:32 [13632] [LOG] : Music
12-10-2020 14:2:32 [13632] [LOG] : TI
12-10-2020 14:2:32 [13632] [LOG] : [1,2,Music,4,TI,Music,7,8,Music,TI,11,Music,13,14,Musical,16,17,Music,19,TI,Music,22,23,Music,TI,26,Music,28,29,Musical,31,32,Music,34,TI,Music,37,38,Music,TI,41,Music,43,44,Musical,46,47,Music,49,TI,Music,52,53,Music,TI,56,Music,58,59,Musical,61,62,Music,64,TI,Music,67,68,Music,TI,71,Music,73,74,Musical,76,77,Music,79,TI,Music,82,83,Music,TI,86,Music,88,89,Musical,91,92,Music,94,TI,Music,97,98,Music,TI]
12-10-2020 14:2:35 [14520] [LOG] : 1
12-10-2020 14:2:35 [14520] [LOG] : 2
12-10-2020 14:2:35 [14520] [LOG] : Music
12-10-2020 14:2:35 [14520] [LOG] : 4
12-10-2020 14:2:35 [14520] [LOG] : TI
12-10-2020 14:2:35 [14520] [LOG] : Music
12-10-2020 14:2:35 [14520] [LOG] : 7
12-10-2020 14:2:35 [14520] [LOG] : 8
12-10-2020 14:2:35 [14520] [LOG] : Music
12-10-2020 14:2:35 [14520] [LOG] : TI
12-10-2020 14:2:35 [14520] [LOG] : 11
12-10-2020 14:2:35 [14520] [LOG] : Music
12-10-2020 14:2:35 [14520] [LOG] : 13
12-10-2020 14:2:35 [14520] [LOG] : 14
12-10-2020 14:2:35 [14520] [LOG] : Musical
12-10-2020 14:2:35 [14520] [LOG] : 16
12-10-2020 14:2:35 [14520] [LOG] : 17
12-10-2020 14:2:35 [14520] [LOG] : Music
12-10-2020 14:2:35 [14520] [LOG] : 19
12-10-2020 14:2:35 [14520] [LOG] : TI
12-10-2020 14:2:35 [14520] [LOG] : Music
12-10-2020 14:2:35 [14520] [LOG] : 22
12-10-2020 14:2:35 [14520] [LOG] : 23
12-10-2020 14:2:35 [14520] [LOG] : Music
12-10-2020 14:2:35 [14520] [LOG] : TI
12-10-2020 14:2:35 [14520] [LOG] : 26
12-10-2020 14:2:35 [14520] [LOG] : Music
12-10-2020 14:2:35 [14520] [LOG] : 28
12-10-2020 14:2:35 [14520] [LOG] : 29
12-10-2020 14:2:35 [14520] [LOG] : Musical
12-10-2020 14:2:35 [14520] [LOG] : 31
12-10-2020 14:2:35 [14520] [LOG] : 32
12-10-2020 14:2:35 [14520] [LOG] : Music
12-10-2020 14:2:35 [14520] [LOG] : 34
12-10-2020 14:2:35 [14520] [LOG] : TI
12-10-2020 14:2:35 [14520] [LOG] : Music
12-10-2020 14:2:35 [14520] [LOG] : 37
12-10-2020 14:2:35 [14520] [LOG] : 38
12-10-2020 14:2:35 [14520] [LOG] : Music
12-10-2020 14:2:35 [14520] [LOG] : TI
12-10-2020 14:2:35 [14520] [LOG] : 41
12-10-2020 14:2:35 [14520] [LOG] : Music
12-10-2020 14:2:35 [14520] [LOG] : 43
12-10-2020 14:2:35 [14520] [LOG] : 44
12-10-2020 14:2:35 [14520] [LOG] : Musical
12-10-2020 14:2:35 [14520] [LOG] : 46
12-10-2020 14:2:35 [14520] [LOG] : 47
12-10-2020 14:2:35 [14520] [LOG] : Music
12-10-2020 14:2:35 [14520] [LOG] : 49
12-10-2020 14:2:35 [14520] [LOG] : TI
12-10-2020 14:2:35 [14520] [LOG] : Music
12-10-2020 14:2:35 [14520] [LOG] : 52
12-10-2020 14:2:35 [14520] [LOG] : 53
12-10-2020 14:2:35 [14520] [LOG] : Music
12-10-2020 14:2:35 [14520] [LOG] : TI
12-10-2020 14:2:35 [14520] [LOG] : 56
12-10-2020 14:2:35 [14520] [LOG] : Music
12-10-2020 14:2:35 [14520] [LOG] : 58
12-10-2020 14:2:35 [14520] [LOG] : 59
12-10-2020 14:2:35 [14520] [LOG] : Musical
12-10-2020 14:2:35 [14520] [LOG] : 61
12-10-2020 14:2:35 [14520] [LOG] : 62
12-10-2020 14:2:35 [14520] [LOG] : Music
12-10-2020 14:2:35 [14520] [LOG] : 64
12-10-2020 14:2:35 [14520] [LOG] : TI
12-10-2020 14:2:35 [14520] [LOG] : Music
12-10-2020 14:2:35 [14520] [LOG] : 67
12-10-2020 14:2:35 [14520] [LOG] : 68
12-10-2020 14:2:35 [14520] [LOG] : Music
12-10-2020 14:2:35 [14520] [LOG] : TI
12-10-2020 14:2:35 [14520] [LOG] : 71
12-10-2020 14:2:35 [14520] [LOG] : Music
12-10-2020 14:2:35 [14520] [LOG] : 73
12-10-2020 14:2:35 [14520] [LOG] : 74
12-10-2020 14:2:35 [14520] [LOG] : Musical
12-10-2020 14:2:35 [14520] [LOG] : 76
12-10-2020 14:2:35 [14520] [LOG] : 77
12-10-2020 14:2:35 [14520] [LOG] : Music
12-10-2020 14:2:35 [14520] [LOG] : 79
12-10-2020 14:2:35 [14520] [LOG] : TI
12-10-2020 14:2:35 [14520] [LOG] : Music
12-10-2020 14:2:35 [14520] [LOG] : 82
12-10-2020 14:2:35 [14520] [LOG] : 83
12-10-2020 14:2:35 [14520] [LOG] : Music
12-10-2020 14:2:35 [14520] [LOG] : TI
12-10-2020 14:2:35 [14520] [LOG] : 86
12-10-2020 14:2:35 [14520] [LOG] : Music
12-10-2020 14:2:35 [14520] [LOG] : 88
12-10-2020 14:2:35 [14520] [LOG] : 89
12-10-2020 14:2:35 [14520] [LOG] : Musical
12-10-2020 14:2:35 [14520] [LOG] : 91
12-10-2020 14:2:35 [14520] [LOG] : 92
12-10-2020 14:2:35 [14520] [LOG] : Music
12-10-2020 14:2:35 [14520] [LOG] : 94
12-10-2020 14:2:35 [14520] [LOG] : TI
12-10-2020 14:2:35 [14520] [LOG] : Music
12-10-2020 14:2:35 [14520] [LOG] : 97
12-10-2020 14:2:35 [14520] [LOG] : 98
12-10-2020 14:2:35 [14520] [LOG] : Music
12-10-2020 14:2:35 [14520] [LOG] : TI
12-10-2020 14:2:35 [14520] [LOG] : [1,2,Music,4,TI,Music,7,8,Music,TI,11,Music,13,14,Musical,16,17,Music,19,TI,Music,22,23,Music,TI,26,Music,28,29,Musical,31,32,Music,34,TI,Music,37,38,Music,TI,41,Music,43,44,Musical,46,47,Music,49,TI,Music,52,53,Music,TI,56,Music,58,59,Musical,61,62,Music,64,TI,Music,67,68,Music,TI,71,Music,73,74,Musical,76,77,Music,79,TI,Music,82,83,Music,TI,86,Music,88,89,Musical,91,92,Music,94,TI,Music,97,98,Music,TI]
12-10-2020 14:2:37 [1252] [LOG] : 1
12-10-2020 14:2:37 [1252] [LOG] : 2
12-10-2020 14:2:37 [1252] [LOG] : Music
12-10-2020 14:2:37 [1252] [LOG] : 4
12-10-2020 14:2:37 [1252] [LOG] : TI
12-10-2020 14:2:37 [1252] [LOG] : Music
12-10-2020 14:2:37 [1252] [LOG] : 7
12-10-2020 14:2:37 [1252] [LOG] : 8
12-10-2020 14:2:37 [1252] [LOG] : Music
12-10-2020 14:2:37 [1252] [LOG] : TI
12-10-2020 14:2:37 [1252] [LOG] : 11
12-10-2020 14:2:37 [1252] [LOG] : Music
12-10-2020 14:2:37 [1252] [LOG] : 13
12-10-2020 14:2:37 [1252] [LOG] : 14
12-10-2020 14:2:37 [1252] [LOG] : Musical
12-10-2020 14:2:37 [1252] [LOG] : 16
12-10-2020 14:2:37 [1252] [LOG] : 17
12-10-2020 14:2:37 [1252] [LOG] : Music
12-10-2020 14:2:37 [1252] [LOG] : 19
12-10-2020 14:2:37 [1252] [LOG] : TI
12-10-2020 14:2:37 [1252] [LOG] : Music
12-10-2020 14:2:37 [1252] [LOG] : 22
12-10-2020 14:2:37 [1252] [LOG] : 23
12-10-2020 14:2:37 [1252] [LOG] : Music
12-10-2020 14:2:37 [1252] [LOG] : TI
12-10-2020 14:2:37 [1252] [LOG] : 26
12-10-2020 14:2:37 [1252] [LOG] : Music
12-10-2020 14:2:37 [1252] [LOG] : 28
12-10-2020 14:2:37 [1252] [LOG] : 29
12-10-2020 14:2:37 [1252] [LOG] : Musical
12-10-2020 14:2:37 [1252] [LOG] : 31
12-10-2020 14:2:37 [1252] [LOG] : 32
12-10-2020 14:2:37 [1252] [LOG] : Music
12-10-2020 14:2:37 [1252] [LOG] : 34
12-10-2020 14:2:37 [1252] [LOG] : TI
12-10-2020 14:2:37 [1252] [LOG] : Music
12-10-2020 14:2:37 [1252] [LOG] : 37
12-10-2020 14:2:37 [1252] [LOG] : 38
12-10-2020 14:2:37 [1252] [LOG] : Music
12-10-2020 14:2:37 [1252] [LOG] : TI
12-10-2020 14:2:37 [1252] [LOG] : 41
12-10-2020 14:2:37 [1252] [LOG] : Music
12-10-2020 14:2:37 [1252] [LOG] : 43
12-10-2020 14:2:37 [1252] [LOG] : 44
12-10-2020 14:2:37 [1252] [LOG] : Musical
12-10-2020 14:2:37 [1252] [LOG] : 46
12-10-2020 14:2:37 [1252] [LOG] : 47
12-10-2020 14:2:37 [1252] [LOG] : Music
12-10-2020 14:2:37 [1252] [LOG] : 49
12-10-2020 14:2:37 [1252] [LOG] : TI
12-10-2020 14:2:37 [1252] [LOG] : Music
12-10-2020 14:2:37 [1252] [LOG] : 52
12-10-2020 14:2:37 [1252] [LOG] : 53
12-10-2020 14:2:37 [1252] [LOG] : Music
12-10-2020 14:2:37 [1252] [LOG] : TI
12-10-2020 14:2:37 [1252] [LOG] : 56
12-10-2020 14:2:37 [1252] [LOG] : Music
12-10-2020 14:2:37 [1252] [LOG] : 58
12-10-2020 14:2:37 [1252] [LOG] : 59
12-10-2020 14:2:37 [1252] [LOG] : Musical
12-10-2020 14:2:37 [1252] [LOG] : 61
12-10-2020 14:2:37 [1252] [LOG] : 62
12-10-2020 14:2:37 [1252] [LOG] : Music
12-10-2020 14:2:37 [1252] [LOG] : 64
12-10-2020 14:2:37 [1252] [LOG] : TI
12-10-2020 14:2:37 [1252] [LOG] : Music
12-10-2020 14:2:37 [1252] [LOG] : 67
12-10-2020 14:2:37 [1252] [LOG] : 68
12-10-2020 14:2:37 [1252] [LOG] : Music
12-10-2020 14:2:37 [1252] [LOG] : TI
12-10-2020 14:2:37 [1252] [LOG] : 71
12-10-2020 14:2:37 [1252] [LOG] : Music
12-10-2020 14:2:37 [1252] [LOG] : 73
12-10-2020 14:2:37 [1252] [LOG] : 74
12-10-2020 14:2:37 [1252] [LOG] : Musical
12-10-2020 14:2:37 [1252] [LOG] : 76
12-10-2020 14:2:37 [1252] [LOG] : 77
12-10-2020 14:2:37 [1252] [LOG] : Music
12-10-2020 14:2:37 [1252] [LOG] : 79
12-10-2020 14:2:37 [1252] [LOG] : TI
12-10-2020 14:2:37 [1252] [LOG] : Music
12-10-2020 14:2:37 [1252] [LOG] : 82
12-10-2020 14:2:37 [1252] [LOG] : 83
12-10-2020 14:2:37 [1252] [LOG] : Music
12-10-2020 14:2:37 [1252] [LOG] : TI
12-10-2020 14:2:37 [1252] [LOG] : 86
12-10-2020 14:2:37 [1252] [LOG] : Music
12-10-2020 14:2:37 [1252] [LOG] : 88
12-10-2020 14:2:37 [1252] [LOG] : 89
12-10-2020 14:2:37 [1252] [LOG] : Musical
12-10-2020 14:2:37 [1252] [LOG] : 91
12-10-2020 14:2:37 [1252] [LOG] : 92
12-10-2020 14:2:37 [1252] [LOG] : Music
12-10-2020 14:2:37 [1252] [LOG] : 94
12-10-2020 14:2:37 [1252] [LOG] : TI
12-10-2020 14:2:37 [1252] [LOG] : Music
12-10-2020 14:2:37 [1252] [LOG] : 97
12-10-2020 14:2:37 [1252] [LOG] : 98
12-10-2020 14:2:37 [1252] [LOG] : Music
12-10-2020 14:2:37 [1252] [LOG] : TI
12-10-2020 14:2:37 [1252] [LOG] : [1,2,Music,4,TI,Music,7,8,Music,TI,11,Music,13,14,Musical,16,17,Music,19,TI,Music,22,23,Music,TI,26,Music,28,29,Musical,31,32,Music,34,TI,Music,37,38,Music,TI,41,Music,43,44,Musical,46,47,Music,49,TI,Music,52,53,Music,TI,56,Music,58,59,Musical,61,62,Music,64,TI,Music,67,68,Music,TI,71,Music,73,74,Musical,76,77,Music,79,TI,Music,82,83,Music,TI,86,Music,88,89,Musical,91,92,Music,94,TI,Music,97,98,Music,TI]
12-10-2020 14:2:45 [9068] [LOG] : 1
12-10-2020 14:2:45 [9068] [LOG] : 2
12-10-2020 14:2:45 [9068] [LOG] : Music
12-10-2020 14:2:45 [9068] [LOG] : 4
12-10-2020 14:2:45 [9068] [LOG] : TI
12-10-2020 14:2:45 [9068] [LOG] : Music
12-10-2020 14:2:45 [9068] [LOG] : 7
12-10-2020 14:2:45 [9068] [LOG] : 8
12-10-2020 14:2:45 [9068] [LOG] : Music
12-10-2020 14:2:45 [9068] [LOG] : TI
12-10-2020 14:2:45 [9068] [LOG] : 11
12-10-2020 14:2:45 [9068] [LOG] : Music
12-10-2020 14:2:45 [9068] [LOG] : 13
12-10-2020 14:2:45 [9068] [LOG] : 14
12-10-2020 14:2:45 [9068] [LOG] : Musical
12-10-2020 14:2:45 [9068] [LOG] : 16
12-10-2020 14:2:45 [9068] [LOG] : 17
12-10-2020 14:2:45 [9068] [LOG] : Music
12-10-2020 14:2:45 [9068] [LOG] : 19
12-10-2020 14:2:45 [9068] [LOG] : TI
12-10-2020 14:2:45 [9068] [LOG] : Music
12-10-2020 14:2:45 [9068] [LOG] : 22
12-10-2020 14:2:45 [9068] [LOG] : 23
12-10-2020 14:2:45 [9068] [LOG] : Music
12-10-2020 14:2:45 [9068] [LOG] : TI
12-10-2020 14:2:45 [9068] [LOG] : 26
12-10-2020 14:2:45 [9068] [LOG] : Music
12-10-2020 14:2:45 [9068] [LOG] : 28
12-10-2020 14:2:45 [9068] [LOG] : 29
12-10-2020 14:2:45 [9068] [LOG] : Musical
12-10-2020 14:2:45 [9068] [LOG] : 31
12-10-2020 14:2:45 [9068] [LOG] : 32
12-10-2020 14:2:45 [9068] [LOG] : Music
12-10-2020 14:2:45 [9068] [LOG] : 34
12-10-2020 14:2:45 [9068] [LOG] : TI
12-10-2020 14:2:45 [9068] [LOG] : Music
12-10-2020 14:2:45 [9068] [LOG] : 37
12-10-2020 14:2:45 [9068] [LOG] : 38
12-10-2020 14:2:45 [9068] [LOG] : Music
12-10-2020 14:2:45 [9068] [LOG] : TI
12-10-2020 14:2:45 [9068] [LOG] : 41
12-10-2020 14:2:45 [9068] [LOG] : Music
12-10-2020 14:2:45 [9068] [LOG] : 43
12-10-2020 14:2:45 [9068] [LOG] : 44
12-10-2020 14:2:45 [9068] [LOG] : Musical
12-10-2020 14:2:45 [9068] [LOG] : 46
12-10-2020 14:2:45 [9068] [LOG] : 47
12-10-2020 14:2:45 [9068] [LOG] : Music
12-10-2020 14:2:45 [9068] [LOG] : 49
12-10-2020 14:2:45 [9068] [LOG] : TI
12-10-2020 14:2:45 [9068] [LOG] : Music
12-10-2020 14:2:45 [9068] [LOG] : 52
12-10-2020 14:2:45 [9068] [LOG] : 53
12-10-2020 14:2:45 [9068] [LOG] : Music
12-10-2020 14:2:45 [9068] [LOG] : TI
12-10-2020 14:2:45 [9068] [LOG] : 56
12-10-2020 14:2:45 [9068] [LOG] : Music
12-10-2020 14:2:45 [9068] [LOG] : 58
12-10-2020 14:2:45 [9068] [LOG] : 59
12-10-2020 14:2:45 [9068] [LOG] : Musical
12-10-2020 14:2:45 [9068] [LOG] : 61
12-10-2020 14:2:45 [9068] [LOG] : 62
12-10-2020 14:2:45 [9068] [LOG] : Music
12-10-2020 14:2:45 [9068] [LOG] : 64
12-10-2020 14:2:45 [9068] [LOG] : TI
12-10-2020 14:2:45 [9068] [LOG] : Music
12-10-2020 14:2:45 [9068] [LOG] : 67
12-10-2020 14:2:45 [9068] [LOG] : 68
12-10-2020 14:2:45 [9068] [LOG] : Music
12-10-2020 14:2:45 [9068] [LOG] : TI
12-10-2020 14:2:45 [9068] [LOG] : 71
12-10-2020 14:2:45 [9068] [LOG] : Music
12-10-2020 14:2:45 [9068] [LOG] : 73
12-10-2020 14:2:45 [9068] [LOG] : 74
12-10-2020 14:2:45 [9068] [LOG] : Musical
12-10-2020 14:2:45 [9068] [LOG] : 76
12-10-2020 14:2:45 [9068] [LOG] : 77
12-10-2020 14:2:45 [9068] [LOG] : Music
12-10-2020 14:2:45 [9068] [LOG] : 79
12-10-2020 14:2:45 [9068] [LOG] : TI
12-10-2020 14:2:45 [9068] [LOG] : Music
12-10-2020 14:2:45 [9068] [LOG] : 82
12-10-2020 14:2:45 [9068] [LOG] : 83
12-10-2020 14:2:45 [9068] [LOG] : Music
12-10-2020 14:2:45 [9068] [LOG] : TI
12-10-2020 14:2:45 [9068] [LOG] : 86
12-10-2020 14:2:45 [9068] [LOG] : Music
12-10-2020 14:2:45 [9068] [LOG] : 88
12-10-2020 14:2:45 [9068] [LOG] : 89
12-10-2020 14:2:45 [9068] [LOG] : Musical
12-10-2020 14:2:45 [9068] [LOG] : 91
12-10-2020 14:2:45 [9068] [LOG] : 92
12-10-2020 14:2:45 [9068] [LOG] : Music
12-10-2020 14:2:45 [9068] [LOG] : 94
12-10-2020 14:2:45 [9068] [LOG] : TI
12-10-2020 14:2:45 [9068] [LOG] : Music
12-10-2020 14:2:45 [9068] [LOG] : 97
12-10-2020 14:2:45 [9068] [LOG] : 98
12-10-2020 14:2:45 [9068] [LOG] : Music
12-10-2020 14:2:45 [9068] [LOG] : TI
12-10-2020 14:2:45 [9068] [LOG] : [1,2,Music,4,TI,Music,7,8,Music,TI,11,Music,13,14,Musical,16,17,Music,19,TI,Music,22,23,Music,TI,26,Music,28,29,Musical,31,32,Music,34,TI,Music,37,38,Music,TI,41,Music,43,44,Musical,46,47,Music,49,TI,Music,52,53,Music,TI,56,Music,58,59,Musical,61,62,Music,64,TI,Music,67,68,Music,TI,71,Music,73,74,Musical,76,77,Music,79,TI,Music,82,83,Music,TI,86,Music,88,89,Musical,91,92,Music,94,TI,Music,97,98,Music,TI]
12-10-2020 14:2:55 [8308] [LOG] : 1
12-10-2020 14:2:55 [8308] [LOG] : 2
12-10-2020 14:2:55 [8308] [LOG] : Music
12-10-2020 14:2:55 [8308] [LOG] : 4
12-10-2020 14:2:55 [8308] [LOG] : TI
12-10-2020 14:2:55 [8308] [LOG] : Music
12-10-2020 14:2:55 [8308] [LOG] : 7
12-10-2020 14:2:55 [8308] [LOG] : 8
12-10-2020 14:2:55 [8308] [LOG] : Music
12-10-2020 14:2:55 [8308] [LOG] : TI
12-10-2020 14:2:55 [8308] [LOG] : 11
12-10-2020 14:2:55 [8308] [LOG] : Music
12-10-2020 14:2:55 [8308] [LOG] : 13
12-10-2020 14:2:55 [8308] [LOG] : 14
12-10-2020 14:2:55 [8308] [LOG] : Musical
12-10-2020 14:2:55 [8308] [LOG] : 16
12-10-2020 14:2:55 [8308] [LOG] : 17
12-10-2020 14:2:55 [8308] [LOG] : Music
12-10-2020 14:2:55 [8308] [LOG] : 19
12-10-2020 14:2:55 [8308] [LOG] : TI
12-10-2020 14:2:55 [8308] [LOG] : Music
12-10-2020 14:2:55 [8308] [LOG] : 22
12-10-2020 14:2:55 [8308] [LOG] : 23
12-10-2020 14:2:55 [8308] [LOG] : Music
12-10-2020 14:2:55 [8308] [LOG] : TI
12-10-2020 14:2:55 [8308] [LOG] : 26
12-10-2020 14:2:55 [8308] [LOG] : Music
12-10-2020 14:2:55 [8308] [LOG] : 28
12-10-2020 14:2:55 [8308] [LOG] : 29
12-10-2020 14:2:55 [8308] [LOG] : Musical
12-10-2020 14:2:55 [8308] [LOG] : 31
12-10-2020 14:2:55 [8308] [LOG] : 32
12-10-2020 14:2:55 [8308] [LOG] : Music
12-10-2020 14:2:55 [8308] [LOG] : 34
12-10-2020 14:2:55 [8308] [LOG] : TI
12-10-2020 14:2:55 [8308] [LOG] : Music
12-10-2020 14:2:55 [8308] [LOG] : 37
12-10-2020 14:2:55 [8308] [LOG] : 38
12-10-2020 14:2:55 [8308] [LOG] : Music
12-10-2020 14:2:55 [8308] [LOG] : TI
12-10-2020 14:2:55 [8308] [LOG] : 41
12-10-2020 14:2:55 [8308] [LOG] : Music
12-10-2020 14:2:55 [8308] [LOG] : 43
12-10-2020 14:2:55 [8308] [LOG] : 44
12-10-2020 14:2:55 [8308] [LOG] : Musical
12-10-2020 14:2:55 [8308] [LOG] : 46
12-10-2020 14:2:55 [8308] [LOG] : 47
12-10-2020 14:2:55 [8308] [LOG] : Music
12-10-2020 14:2:55 [8308] [LOG] : 49
12-10-2020 14:2:55 [8308] [LOG] : TI
12-10-2020 14:2:55 [8308] [LOG] : Music
12-10-2020 14:2:55 [8308] [LOG] : 52
12-10-2020 14:2:55 [8308] [LOG] : 53
12-10-2020 14:2:55 [8308] [LOG] : Music
12-10-2020 14:2:55 [8308] [LOG] : TI
12-10-2020 14:2:55 [8308] [LOG] : 56
12-10-2020 14:2:55 [8308] [LOG] : Music
12-10-2020 14:2:55 [8308] [LOG] : 58
12-10-2020 14:2:55 [8308] [LOG] : 59
12-10-2020 14:2:55 [8308] [LOG] : Musical
12-10-2020 14:2:55 [8308] [LOG] : 61
12-10-2020 14:2:55 [8308] [LOG] : 62
12-10-2020 14:2:55 [8308] [LOG] : Music
12-10-2020 14:2:55 [8308] [LOG] : 64
12-10-2020 14:2:55 [8308] [LOG] : TI
12-10-2020 14:2:55 [8308] [LOG] : Music
12-10-2020 14:2:55 [8308] [LOG] : 67
12-10-2020 14:2:55 [8308] [LOG] : 68
12-10-2020 14:2:55 [8308] [LOG] : Music
12-10-2020 14:2:55 [8308] [LOG] : TI
12-10-2020 14:2:55 [8308] [LOG] : 71
12-10-2020 14:2:55 [8308] [LOG] : Music
12-10-2020 14:2:55 [8308] [LOG] : 73
12-10-2020 14:2:55 [8308] [LOG] : 74
12-10-2020 14:2:55 [8308] [LOG] : Musical
12-10-2020 14:2:55 [8308] [LOG] : 76
12-10-2020 14:2:55 [8308] [LOG] : 77
12-10-2020 14:2:55 [8308] [LOG] : Music
12-10-2020 14:2:55 [8308] [LOG] : 79
12-10-2020 14:2:55 [8308] [LOG] : TI
12-10-2020 14:2:55 [8308] [LOG] : Music
12-10-2020 14:2:55 [8308] [LOG] : 82
12-10-2020 14:2:55 [8308] [LOG] : 83
12-10-2020 14:2:55 [8308] [LOG] : Music
12-10-2020 14:2:55 [8308] [LOG] : TI
12-10-2020 14:2:55 [8308] [LOG] : 86
12-10-2020 14:2:55 [8308] [LOG] : Music
12-10-2020 14:2:55 [8308] [LOG] : 88
12-10-2020 14:2:55 [8308] [LOG] : 89
12-10-2020 14:2:55 [8308] [LOG] : Musical
12-10-2020 14:2:55 [8308] [LOG] : 91
12-10-2020 14:2:55 [8308] [LOG] : 92
12-10-2020 14:2:55 [8308] [LOG] : Music
12-10-2020 14:2:55 [8308] [LOG] : 94
12-10-2020 14:2:55 [8308] [LOG] : TI
12-10-2020 14:2:55 [8308] [LOG] : Music
12-10-2020 14:2:55 [8308] [LOG] : 97
12-10-2020 14:2:55 [8308] [LOG] : 98
12-10-2020 14:2:55 [8308] [LOG] : Music
12-10-2020 14:2:55 [8308] [LOG] : TI
12-10-2020 14:2:55 [8308] [LOG] : [1,2,Music,4,TI,Music,7,8,Music,TI,11,Music,13,14,Musical,16,17,Music,19,TI,Music,22,23,Music,TI,26,Music,28,29,Musical,31,32,Music,34,TI,Music,37,38,Music,TI,41,Music,43,44,Musical,46,47,Music,49,TI,Music,52,53,Music,TI,56,Music,58,59,Musical,61,62,Music,64,TI,Music,67,68,Music,TI,71,Music,73,74,Musical,76,77,Music,79,TI,Music,82,83,Music,TI,86,Music,88,89,Musical,91,92,Music,94,TI,Music,97,98,Music,TI]
